\BOOKMARK [1][-]{abstract.1}{\376\377\000A\000b\000s\000t\000r\000a\000c\000t}{}% 1
\BOOKMARK [0][-]{toc.0}{\376\377\000C\000o\000n\000t\000e\000n\000t\000s}{}% 2
\BOOKMARK [0][-]{listoffigures}{\376\377\000L\000i\000s\000t\000\040\000o\000f\000\040\000F\000i\000g\000u\000r\000e\000s}{}% 3
\BOOKMARK [0][-]{listoftables}{\376\377\000L\000i\000s\000t\000\040\000o\000f\000\040\000T\000a\000b\000l\000e\000s}{}% 4
\BOOKMARK [0][-]{chapter.1}{\376\377\0001\000.\000\040\000I\000n\000t\000r\000o\000d\000u\000c\000t\000i\000o\000n}{}% 5
\BOOKMARK [1][-]{section.1.1}{\376\377\0001\000.\0001\000.\000\040\000B\000u\000s\000i\000n\000e\000s\000s\000\040\000P\000e\000r\000f\000o\000r\000m\000a\000n\000c\000e\000\040\000O\000v\000e\000r\000v\000i\000e\000w}{chapter.1}% 6
\BOOKMARK [1][-]{section.1.2}{\376\377\0001\000.\0002\000.\000\040\000C\000h\000a\000n\000n\000e\000l\000\040\000D\000i\000s\000t\000r\000i\000b\000u\000t\000i\000o\000n}{chapter.1}% 7
\BOOKMARK [0][-]{chapter.2}{\376\377\0002\000.\000\040\000C\000h\000a\000n\000n\000e\000l\000\040\000P\000e\000r\000f\000o\000r\000m\000a\000n\000c\000e}{}% 8
\BOOKMARK [1][-]{section.2.1}{\376\377\0002\000.\0001\000.\000\040\000I\000n\000t\000r\000o\000d\000u\000c\000t\000i\000o\000n}{chapter.2}% 9
\BOOKMARK [1][-]{section.2.2}{\376\377\0002\000.\0002\000.\000\040\000K\000e\000y\000\040\000F\000i\000n\000d\000i\000n\000g\000s}{chapter.2}% 10
\BOOKMARK [2][-]{subsection.2.2.1}{\376\377\0002\000.\0002\000.\0001\000.\000\040\000T\000h\000e\000\040\000P\000r\000o\000f\000i\000t\000a\000b\000i\000l\000i\000t\000y\000\040\000P\000a\000r\000a\000d\000o\000x}{section.2.2}% 11
\BOOKMARK [2][-]{subsection.2.2.2}{\376\377\0002\000.\0002\000.\0002\000.\000\040\000O\000p\000e\000r\000a\000t\000i\000o\000n\000a\000l\000\040\000M\000e\000t\000r\000i\000c\000s\000:\000\040\000V\000o\000l\000u\000m\000e\000\040\000v\000s\000.\000\040\000V\000a\000l\000u\000e}{section.2.2}% 12
\BOOKMARK [2][-]{subsection.2.2.3}{\376\377\0002\000.\0002\000.\0003\000.\000\040\000G\000e\000o\000g\000r\000a\000p\000h\000i\000c\000\040\000a\000n\000d\000\040\000P\000e\000r\000s\000o\000n\000n\000e\000l\000\040\000P\000e\000r\000f\000o\000r\000m\000a\000n\000c\000e}{section.2.2}% 13
\BOOKMARK [1][-]{section.2.3}{\376\377\0002\000.\0003\000.\000\040\000B\000u\000s\000i\000n\000e\000s\000s\000\040\000I\000n\000s\000i\000g\000h\000t\000s\000\040\000a\000n\000d\000\040\000R\000e\000c\000o\000m\000m\000e\000n\000d\000a\000t\000i\000o\000n\000s}{chapter.2}% 14
\BOOKMARK [1][-]{section.2.4}{\376\377\0002\000.\0004\000.\000\040\000L\000i\000m\000i\000t\000a\000t\000i\000o\000n\000s}{chapter.2}% 15
\BOOKMARK [0][-]{chapter.3}{\376\377\0003\000.\000\040\000C\000u\000s\000t\000o\000m\000e\000r\000\040\000S\000e\000g\000m\000e\000n\000t\000a\000t\000i\000o\000n}{}% 16
\BOOKMARK [1][-]{section.3.1}{\376\377\0003\000.\0001\000.\000\040\000I\000n\000t\000r\000o\000d\000u\000c\000t\000i\000o\000n}{chapter.3}% 17
\BOOKMARK [1][-]{section.3.2}{\376\377\0003\000.\0002\000.\000\040\000M\000e\000t\000h\000o\000d\000o\000l\000o\000g\000y}{chapter.3}% 18
\BOOKMARK [1][-]{section.3.3}{\376\377\0003\000.\0003\000.\000\040\000K\000e\000y\000\040\000F\000i\000n\000d\000i\000n\000g\000s}{chapter.3}% 19
\BOOKMARK [2][-]{subsection.3.3.1}{\376\377\0003\000.\0003\000.\0001\000.\000\040\000S\000e\000g\000m\000e\000n\000t\000\040\000D\000i\000s\000t\000r\000i\000b\000u\000t\000i\000o\000n}{section.3.3}% 20
\BOOKMARK [2][-]{subsection.3.3.2}{\376\377\0003\000.\0003\000.\0002\000.\000\040\000T\000h\000e\000\040\0001\0006\0001\000-\000D\000a\000y\000\040\000R\000e\000p\000e\000a\000t\000\040\000P\000u\000r\000c\000h\000a\000s\000e\000\040\000C\000y\000c\000l\000e}{section.3.3}% 21
\BOOKMARK [2][-]{subsection.3.3.3}{\376\377\0003\000.\0003\000.\0003\000.\000\040\000N\000e\000w\000\040\000v\000s\000.\000\040\000R\000e\000p\000e\000a\000t\000\040\000C\000u\000s\000t\000o\000m\000e\000r\000\040\000V\000a\000l\000u\000e}{section.3.3}% 22
\BOOKMARK [2][-]{subsection.3.3.4}{\376\377\0003\000.\0003\000.\0004\000.\000\040\000G\000e\000o\000g\000r\000a\000p\000h\000i\000c\000\040\000C\000o\000n\000c\000e\000n\000t\000r\000a\000t\000i\000o\000n\000\040\000o\000f\000\040\000T\000o\000p\000\040\000C\000u\000s\000t\000o\000m\000e\000r\000s}{section.3.3}% 23
\BOOKMARK [1][-]{section.3.4}{\376\377\0003\000.\0004\000.\000\040\000B\000u\000s\000i\000n\000e\000s\000s\000\040\000I\000n\000s\000i\000g\000h\000t\000s\000\040\000a\000n\000d\000\040\000R\000e\000c\000o\000m\000m\000e\000n\000d\000a\000t\000i\000o\000n\000s}{chapter.3}% 24
\BOOKMARK [1][-]{section.3.5}{\376\377\0003\000.\0005\000.\000\040\000L\000i\000m\000i\000t\000a\000t\000i\000o\000n\000s}{chapter.3}% 25
\BOOKMARK [0][-]{chapter.4}{\376\377\0004\000.\000\040\000P\000r\000o\000d\000u\000c\000t\000\040\000O\000p\000t\000i\000m\000i\000z\000a\000t\000i\000o\000n}{}% 26
\BOOKMARK [1][-]{section.4.1}{\376\377\0004\000.\0001\000.\000\040\000I\000n\000t\000r\000o\000d\000u\000c\000t\000i\000o\000n}{chapter.4}% 27
\BOOKMARK [1][-]{section.4.2}{\376\377\0004\000.\0002\000.\000\040\000M\000e\000t\000h\000o\000d\000o\000l\000o\000g\000y}{chapter.4}% 28
\BOOKMARK [1][-]{section.4.3}{\376\377\0004\000.\0003\000.\000\040\000K\000e\000y\000\040\000F\000i\000n\000d\000i\000n\000g\000s}{chapter.4}% 29
\BOOKMARK [2][-]{subsection.4.3.1}{\376\377\0004\000.\0003\000.\0001\000.\000\040\000H\000e\000r\000o\000\040\000v\000s\000.\000\040\000L\000a\000g\000g\000a\000r\000d\000\040\000P\000r\000o\000d\000u\000c\000t\000s}{section.4.3}% 30
\BOOKMARK [2][-]{subsection.4.3.2}{\376\377\0004\000.\0003\000.\0002\000.\000\040\000M\000a\000r\000k\000e\000t\000\040\000B\000a\000s\000k\000e\000t\000\040\000a\000n\000d\000\040\000B\000u\000n\000d\000l\000i\000n\000g\000\040\000O\000p\000p\000o\000r\000t\000u\000n\000i\000t\000i\000e\000s}{section.4.3}% 31
\BOOKMARK [2][-]{subsection.4.3.3}{\376\377\0004\000.\0003\000.\0003\000.\000\040\000C\000h\000a\000n\000n\000e\000l\000-\000S\000p\000e\000c\000i\000f\000i\000c\000\040\000P\000r\000o\000d\000u\000c\000t\000\040\000P\000e\000r\000f\000o\000r\000m\000a\000n\000c\000e}{section.4.3}% 32
\BOOKMARK [2][-]{subsection.4.3.4}{\376\377\0004\000.\0003\000.\0004\000.\000\040\000T\000h\000e\000\040\000C\000o\000r\000r\000o\000s\000i\000v\000e\000\040\000I\000m\000p\000a\000c\000t\000\040\000o\000f\000\040\000A\000g\000g\000r\000e\000s\000s\000i\000v\000e\000\040\000D\000i\000s\000c\000o\000u\000n\000t\000i\000n\000g}{section.4.3}% 33
\BOOKMARK [1][-]{section.4.4}{\376\377\0004\000.\0004\000.\000\040\000B\000u\000s\000i\000n\000e\000s\000s\000\040\000I\000n\000s\000i\000g\000h\000t\000s\000\040\000a\000n\000d\000\040\000R\000e\000c\000o\000m\000m\000e\000n\000d\000a\000t\000i\000o\000n\000s}{chapter.4}% 34
\BOOKMARK [1][-]{section.4.5}{\376\377\0004\000.\0005\000.\000\040\000L\000i\000m\000i\000t\000a\000t\000i\000o\000n\000s}{chapter.4}% 35
\BOOKMARK [0][-]{chapter.5}{\376\377\0005\000.\000\040\000C\000o\000n\000c\000l\000u\000s\000i\000o\000n\000\040\000a\000n\000d\000\040\000R\000e\000c\000o\000m\000m\000e\000n\000d\000a\000t\000i\000o\000n\000s}{}% 36
\BOOKMARK [1][-]{section.5.1}{\376\377\0005\000.\0001\000.\000\040\000S\000u\000m\000m\000a\000r\000y\000\040\000o\000f\000\040\000F\000i\000n\000d\000i\000n\000g\000s}{chapter.5}% 37
\BOOKMARK [1][-]{section.5.2}{\376\377\0005\000.\0002\000.\000\040\000H\000i\000g\000h\000-\000I\000m\000p\000a\000c\000t\000\040\000B\000u\000s\000i\000n\000e\000s\000s\000\040\000R\000e\000c\000o\000m\000m\000e\000n\000d\000a\000t\000i\000o\000n\000s}{chapter.5}% 38
\BOOKMARK [0][-]{appendix.A}{\376\377\000A\000.\000\040\000S\000Q\000L\000\040\000V\000i\000e\000w\000s}{}% 39
\BOOKMARK [1][-]{section.A.1}{\376\377\000A\000.\0001\000.\000\040\000T\000h\000e\000m\000e\000\040\0001\000:\000\040\000C\000h\000a\000n\000n\000e\000l\000\040\000P\000e\000r\000f\000o\000r\000m\000a\000n\000c\000e}{appendix.A}% 40
\BOOKMARK [1][-]{section.A.2}{\376\377\000A\000.\0002\000.\000\040\000T\000h\000e\000m\000e\000\040\0002\000:\000\040\000C\000u\000s\000t\000o\000m\000e\000r\000\040\000S\000e\000g\000m\000e\000n\000t\000a\000t\000i\000o\000n}{appendix.A}% 41
\BOOKMARK [1][-]{section.A.3}{\376\377\000A\000.\0003\000.\000\040\000T\000h\000e\000m\000e\000\040\0003\000:\000\040\000P\000r\000o\000d\000u\000c\000t\000\040\000O\000p\000t\000i\000m\000i\000z\000a\000t\000i\000o\000n}{appendix.A}% 42
