This is XeTeX, Version 3.141592653-2.6-0.999997 (MiKTeX 25.2) (preloaded format=xelatex 2025.5.7)  23 NOV 2025 06:10
entering extended mode
 \write18 enabled.
 %&-line parsing enabled.
**c:/Users/PC/Documents/Development/ANALYTICS/tah/Analytics_Hackathon_2025/repo
rt/AdventureWorks.tex

(c:/Users/PC/Documents/Development/ANALYTICS/tah/Analytics_Hackathon_2025/repor
t/AdventureWorks.tex
LaTeX2e <2024-11-01> patch level 2
L3 programming layer <2025-01-18>
(AdventureWorksThesis.cls
Document Class: AdventureWorksThesis 2023/12/12 Thesis Class
(C:\Users\PC\AppData\Local\Programs\MiKTeX\tex/latex/l3kernel\expl3.sty
Package: expl3 2025-01-18 L3 programming layer (loader) 

(C:\Users\PC\AppData\Local\Programs\MiKTeX\tex/latex/l3backend\l3backend-xetex.
def
File: l3backend-xetex.def 2024-05-08 L3 backend support: XeTeX
\g__graphics_track_int=\count192
\l__pdf_internal_box=\box52
\g__pdf_backend_annotation_int=\count193
\g__pdf_backend_link_int=\count194
)) (C:\Users\PC\AppData\Local\Programs\MiKTeX\tex/latex/base\report.cls
Document Class: report 2024/06/29 v1.4n Standard LaTeX document class
(C:\Users\PC\AppData\Local\Programs\MiKTeX\tex/latex/base\size11.clo
File: size11.clo 2024/06/29 v1.4n Standard LaTeX file (size option)
)
\c@part=\count195
\c@chapter=\count196
\c@section=\count197
\c@subsection=\count198
\c@subsubsection=\count199
\c@paragraph=\count266
\c@subparagraph=\count267
\c@figure=\count268
\c@table=\count269
\abovecaptionskip=\skip49
\belowcaptionskip=\skip50
\bibindent=\dimen141
)
(C:\Users\PC\AppData\Local\Programs\MiKTeX\tex/generic/babel\babel.sty
Package: babel 2025/02/14 v25.4 The multilingual framework for pdfLaTeX, LuaLaT
eX and XeLaTeX
\babel@savecnt=\count270
\U@D=\dimen142
\l@unhyphenated=\language79

(C:\Users\PC\AppData\Local\Programs\MiKTeX\tex/generic/babel\xebabel.def)
\bbl@readstream=\read2
\bbl@dirlevel=\count271

*************************************
* Local config file bblopts.cfg used
*
(C:\Users\PC\AppData\Local\Programs\MiKTeX\tex/latex/arabi\bblopts.cfg
File: bblopts.cfg 2005/09/08 v0.1 add Arabic and Farsi to "declared" options of
 babel
)
(C:\Users\PC\AppData\Local\Programs\MiKTeX\tex/latex/babel-english\english.ldf
Language: english 2017/06/06 v3.3r English support from the babel system
Package babel Info: Hyphen rules for 'canadian' set to \l@english
(babel)             (\language0). Reported on input line 102.
Package babel Info: Hyphen rules for 'australian' set to \l@ukenglish
(babel)             (\language73). Reported on input line 105.
Package babel Info: Hyphen rules for 'newzealand' set to \l@ukenglish
(babel)             (\language73). Reported on input line 108.
))
(C:\Users\PC\AppData\Local\Programs\MiKTeX\tex/generic/babel/locale/en\babel-en
glish.tex
Package babel Info: Importing font and identification data for english
(babel)             from babel-en.ini. Reported on input line 11.
) (C:\Users\PC\AppData\Local\Programs\MiKTeX\tex/latex/float\float.sty
Package: float 2001/11/08 v1.3d Float enhancements (AL)
\c@float@type=\count272
\float@exts=\toks17
\float@box=\box53
\@float@everytoks=\toks18
\@floatcapt=\box54
) (C:\Users\PC\AppData\Local\Programs\MiKTeX\tex/latex/base\ifthen.sty
Package: ifthen 2024/03/16 v1.1e Standard LaTeX ifthen package (DPC)
)
(C:\Users\PC\AppData\Local\Programs\MiKTeX\tex/latex/etoolbox\etoolbox.sty
Package: etoolbox 2025/02/11 v2.5l e-TeX tools for LaTeX (JAW)
\etb@tempcnta=\count273
)
(C:\Users\PC\AppData\Local\Programs\MiKTeX\tex/latex/graphics\graphicx.sty
Package: graphicx 2021/09/16 v1.2d Enhanced LaTeX Graphics (DPC,SPQR)

(C:\Users\PC\AppData\Local\Programs\MiKTeX\tex/latex/graphics\keyval.sty
Package: keyval 2022/05/29 v1.15 key=value parser (DPC)
\KV@toks@=\toks19
)
(C:\Users\PC\AppData\Local\Programs\MiKTeX\tex/latex/graphics\graphics.sty
Package: graphics 2024/08/06 v1.4g Standard LaTeX Graphics (DPC,SPQR)

(C:\Users\PC\AppData\Local\Programs\MiKTeX\tex/latex/graphics\trig.sty
Package: trig 2023/12/02 v1.11 sin cos tan (DPC)
)
(C:\Users\PC\AppData\Local\Programs\MiKTeX\tex/latex/graphics-cfg\graphics.cfg
File: graphics.cfg 2016/06/04 v1.11 sample graphics configuration
)
Package graphics Info: Driver file: xetex.def on input line 106.
(C:\Users\PC\AppData\Local\Programs\MiKTeX\tex/latex/graphics-def\xetex.def
File: xetex.def 2022/09/22 v5.0n Graphics/color driver for xetex
))
\Gin@req@height=\dimen143
\Gin@req@width=\dimen144
)
(C:\Users\PC\AppData\Local\Programs\MiKTeX\tex/latex/caption\subcaption.sty
Package: subcaption 2023/07/28 v1.6b Sub-captions (AR)

(C:\Users\PC\AppData\Local\Programs\MiKTeX\tex/latex/caption\caption.sty
Package: caption 2023/08/05 v3.6o Customizing captions (AR)

(C:\Users\PC\AppData\Local\Programs\MiKTeX\tex/latex/caption\caption3.sty
Package: caption3 2023/07/31 v2.4d caption3 kernel (AR)
\caption@tempdima=\dimen145
\captionmargin=\dimen146
\caption@leftmargin=\dimen147
\caption@rightmargin=\dimen148
\caption@width=\dimen149
\caption@indent=\dimen150
\caption@parindent=\dimen151
\caption@hangindent=\dimen152
Package caption Info: Standard document class detected.
)
\c@caption@flags=\count274
\c@continuedfloat=\count275
Package caption Info: float package is loaded.
)
Package caption Info: New subtype `subfigure' on input line 238.
\c@subfigure=\count276
Package caption Info: New subtype `subtable' on input line 238.
\c@subtable=\count277
)
(C:\Users\PC\AppData\Local\Programs\MiKTeX\tex/latex/tools\tabularx.sty
Package: tabularx 2023/12/11 v2.12a `tabularx' package (DPC)

(C:\Users\PC\AppData\Local\Programs\MiKTeX\tex/latex/tools\array.sty
Package: array 2024/10/17 v2.6g Tabular extension package (FMi)
\col@sep=\dimen153
\ar@mcellbox=\box55
\extrarowheight=\dimen154
\NC@list=\toks20
\extratabsurround=\skip51
\backup@length=\skip52
\ar@cellbox=\box56
)
\TX@col@width=\dimen155
\TX@old@table=\dimen156
\TX@old@col=\dimen157
\TX@target=\dimen158
\TX@delta=\dimen159
\TX@cols=\count278
\TX@ftn=\toks21
)
(C:\Users\PC\AppData\Local\Programs\MiKTeX\tex/latex/xltabular\xltabular.sty
Package: xltabular 2025/02/28 v0.2i `xltabular' package (hv,RN)

(C:\Users\PC\AppData\Local\Programs\MiKTeX\tex/latex/ltablex\ltablex.sty
Package: ltablex 2014/08/13 v1.1 Modified tabularx

(C:\Users\PC\AppData\Local\Programs\MiKTeX\tex/latex/tools\longtable.sty
Package: longtable 2024-10-27 v4.22 Multi-page Table package (DPC)
\LTleft=\skip53
\LTright=\skip54
\LTpre=\skip55
\LTpost=\skip56
\LTchunksize=\count279
\LTcapwidth=\dimen160
\LT@head=\box57
\LT@firsthead=\box58
\LT@foot=\box59
\LT@lastfoot=\box60
\LT@gbox=\box61
\LT@cols=\count280
\LT@rows=\count281
\c@LT@tables=\count282
\c@LT@chunks=\count283
\LT@p@ftn=\toks22
)))
(C:\Users\PC\AppData\Local\Programs\MiKTeX\tex/latex/booktabs\booktabs.sty
Package: booktabs 2020/01/12 v1.61803398 Publication quality tables
\heavyrulewidth=\dimen161
\lightrulewidth=\dimen162
\cmidrulewidth=\dimen163
\belowrulesep=\dimen164
\belowbottomsep=\dimen165
\aboverulesep=\dimen166
\abovetopsep=\dimen167
\cmidrulesep=\dimen168
\cmidrulekern=\dimen169
\defaultaddspace=\dimen170
\@cmidla=\count284
\@cmidlb=\count285
\@aboverulesep=\dimen171
\@belowrulesep=\dimen172
\@thisruleclass=\count286
\@lastruleclass=\count287
\@thisrulewidth=\dimen173
)
(C:\Users\PC\AppData\Local\Programs\MiKTeX\tex/latex/multirow\multirow.sty
Package: multirow 2024/11/12 v2.9 Span multiple rows of a table
\multirow@colwidth=\skip57
\multirow@cntb=\count288
\multirow@dima=\skip58
\bigstrutjot=\dimen174
)
(C:\Users\PC\AppData\Local\Programs\MiKTeX\tex/latex/enumitem\enumitem.sty
Package: enumitem 2025/02/06 v3.11 Customized lists
\labelindent=\skip59
\enit@outerparindent=\dimen175
\enit@toks=\toks23
\enit@inbox=\box62
\enit@count@id=\count289
\enitdp@description=\count290
)
(C:\Users\PC\AppData\Local\Programs\MiKTeX\tex/latex/amsmath\amsmath.sty
Package: amsmath 2024/11/05 v2.17t AMS math features
\@mathmargin=\skip60

For additional information on amsmath, use the `?' option.
(C:\Users\PC\AppData\Local\Programs\MiKTeX\tex/latex/amsmath\amstext.sty
Package: amstext 2021/08/26 v2.01 AMS text

(C:\Users\PC\AppData\Local\Programs\MiKTeX\tex/latex/amsmath\amsgen.sty
File: amsgen.sty 1999/11/30 v2.0 generic functions
\@emptytoks=\toks24
\ex@=\dimen176
))
(C:\Users\PC\AppData\Local\Programs\MiKTeX\tex/latex/amsmath\amsbsy.sty
Package: amsbsy 1999/11/29 v1.2d Bold Symbols
\pmbraise@=\dimen177
)
(C:\Users\PC\AppData\Local\Programs\MiKTeX\tex/latex/amsmath\amsopn.sty
Package: amsopn 2022/04/08 v2.04 operator names
)
\inf@bad=\count291
LaTeX Info: Redefining \frac on input line 233.
\uproot@=\count292
\leftroot@=\count293
LaTeX Info: Redefining \overline on input line 398.
LaTeX Info: Redefining \colon on input line 409.
\classnum@=\count294
\DOTSCASE@=\count295
LaTeX Info: Redefining \ldots on input line 495.
LaTeX Info: Redefining \dots on input line 498.
LaTeX Info: Redefining \cdots on input line 619.
\Mathstrutbox@=\box63
\strutbox@=\box64
LaTeX Info: Redefining \big on input line 721.
LaTeX Info: Redefining \Big on input line 722.
LaTeX Info: Redefining \bigg on input line 723.
LaTeX Info: Redefining \Bigg on input line 724.
\big@size=\dimen178
LaTeX Font Info:    Redeclaring font encoding OML on input line 742.
LaTeX Font Info:    Redeclaring font encoding OMS on input line 743.
\macc@depth=\count296
LaTeX Info: Redefining \bmod on input line 904.
LaTeX Info: Redefining \pmod on input line 909.
LaTeX Info: Redefining \smash on input line 939.
LaTeX Info: Redefining \relbar on input line 969.
LaTeX Info: Redefining \Relbar on input line 970.
\c@MaxMatrixCols=\count297
\dotsspace@=\muskip17
\c@parentequation=\count298
\dspbrk@lvl=\count299
\tag@help=\toks25
\row@=\count300
\column@=\count301
\maxfields@=\count302
\andhelp@=\toks26
\eqnshift@=\dimen179
\alignsep@=\dimen180
\tagshift@=\dimen181
\tagwidth@=\dimen182
\totwidth@=\dimen183
\lineht@=\dimen184
\@envbody=\toks27
\multlinegap=\skip61
\multlinetaggap=\skip62
\mathdisplay@stack=\toks28
LaTeX Info: Redefining \[ on input line 2953.
LaTeX Info: Redefining \] on input line 2954.
)
(C:\Users\PC\AppData\Local\Programs\MiKTeX\tex/latex/amsfonts\amssymb.sty
Package: amssymb 2013/01/14 v3.01 AMS font symbols

(C:\Users\PC\AppData\Local\Programs\MiKTeX\tex/latex/amsfonts\amsfonts.sty
Package: amsfonts 2013/01/14 v3.01 Basic AMSFonts support
\symAMSa=\mathgroup4
\symAMSb=\mathgroup5
LaTeX Font Info:    Redeclaring math symbol \hbar on input line 98.
LaTeX Font Info:    Overwriting math alphabet `\mathfrak' in version `bold'
(Font)                  U/euf/m/n --> U/euf/b/n on input line 106.
))
(C:\Users\PC\AppData\Local\Programs\MiKTeX\tex/latex/xcolor\xcolor.sty
Package: xcolor 2024/09/29 v3.02 LaTeX color extensions (UK)

(C:\Users\PC\AppData\Local\Programs\MiKTeX\tex/latex/graphics-cfg\color.cfg
File: color.cfg 2016/01/02 v1.6 sample color configuration
)
Package xcolor Info: Driver file: xetex.def on input line 274.

(C:\Users\PC\AppData\Local\Programs\MiKTeX\tex/latex/graphics\mathcolor.ltx)
Package xcolor Info: Model `cmy' substituted by `cmy0' on input line 1349.
Package xcolor Info: Model `RGB' extended on input line 1365.
Package xcolor Info: Model `HTML' substituted by `rgb' on input line 1367.
Package xcolor Info: Model `Hsb' substituted by `hsb' on input line 1368.
Package xcolor Info: Model `tHsb' substituted by `hsb' on input line 1369.
Package xcolor Info: Model `HSB' substituted by `hsb' on input line 1370.
Package xcolor Info: Model `Gray' substituted by `gray' on input line 1371.
Package xcolor Info: Model `wave' substituted by `hsb' on input line 1372.
)
(C:\Users\PC\AppData\Local\Programs\MiKTeX\tex/latex/graphics\dvipsnam.def
File: dvipsnam.def 2016/06/17 v3.0m Driver-dependent file (DPC,SPQR)
)
(C:\Users\PC\AppData\Local\Programs\MiKTeX\tex/latex/tcolorbox\tcolorbox.sty
Package: tcolorbox 2024/10/22 version 6.4.1 text color boxes

(C:\Users\PC\AppData\Local\Programs\MiKTeX\tex/latex/pgf/frontendlayer\tikz.sty
(C:\Users\PC\AppData\Local\Programs\MiKTeX\tex/latex/pgf/basiclayer\pgf.sty
(C:\Users\PC\AppData\Local\Programs\MiKTeX\tex/latex/pgf/utilities\pgfrcs.sty
(C:\Users\PC\AppData\Local\Programs\MiKTeX\tex/generic/pgf/utilities\pgfutil-co
mmon.tex
\pgfutil@everybye=\toks29
\pgfutil@tempdima=\dimen185
\pgfutil@tempdimb=\dimen186
)
(C:\Users\PC\AppData\Local\Programs\MiKTeX\tex/generic/pgf/utilities\pgfutil-la
tex.def
\pgfutil@abb=\box65
)
(C:\Users\PC\AppData\Local\Programs\MiKTeX\tex/generic/pgf/utilities\pgfrcs.cod
e.tex
(C:\Users\PC\AppData\Local\Programs\MiKTeX\tex/generic/pgf\pgf.revision.tex)
Package: pgfrcs 2023-01-15 v3.1.10 (3.1.10)
))
Package: pgf 2023-01-15 v3.1.10 (3.1.10)

(C:\Users\PC\AppData\Local\Programs\MiKTeX\tex/latex/pgf/basiclayer\pgfcore.sty

(C:\Users\PC\AppData\Local\Programs\MiKTeX\tex/latex/pgf/systemlayer\pgfsys.sty

(C:\Users\PC\AppData\Local\Programs\MiKTeX\tex/generic/pgf/systemlayer\pgfsys.c
ode.tex
Package: pgfsys 2023-01-15 v3.1.10 (3.1.10)

(C:\Users\PC\AppData\Local\Programs\MiKTeX\tex/generic/pgf/utilities\pgfkeys.co
de.tex
\pgfkeys@pathtoks=\toks30
\pgfkeys@temptoks=\toks31

(C:\Users\PC\AppData\Local\Programs\MiKTeX\tex/generic/pgf/utilities\pgfkeyslib
raryfiltered.code.tex
\pgfkeys@tmptoks=\toks32
))
\pgf@x=\dimen187
\pgf@y=\dimen188
\pgf@xa=\dimen189
\pgf@ya=\dimen190
\pgf@xb=\dimen191
\pgf@yb=\dimen192
\pgf@xc=\dimen193
\pgf@yc=\dimen194
\pgf@xd=\dimen195
\pgf@yd=\dimen196
\w@pgf@writea=\write3
\r@pgf@reada=\read3
\c@pgf@counta=\count303
\c@pgf@countb=\count304
\c@pgf@countc=\count305
\c@pgf@countd=\count306
\t@pgf@toka=\toks33
\t@pgf@tokb=\toks34
\t@pgf@tokc=\toks35
\pgf@sys@id@count=\count307

(C:\Users\PC\AppData\Local\Programs\MiKTeX\tex/generic/pgf/systemlayer\pgf.cfg
File: pgf.cfg 2023-01-15 v3.1.10 (3.1.10)
)
Driver file for pgf: pgfsys-xetex.def

(C:\Users\PC\AppData\Local\Programs\MiKTeX\tex/generic/pgf/systemlayer\pgfsys-x
etex.def
File: pgfsys-xetex.def 2023-01-15 v3.1.10 (3.1.10)

(C:\Users\PC\AppData\Local\Programs\MiKTeX\tex/generic/pgf/systemlayer\pgfsys-d
vipdfmx.def
File: pgfsys-dvipdfmx.def 2023-01-15 v3.1.10 (3.1.10)

(C:\Users\PC\AppData\Local\Programs\MiKTeX\tex/generic/pgf/systemlayer\pgfsys-c
ommon-pdf.def
File: pgfsys-common-pdf.def 2023-01-15 v3.1.10 (3.1.10)
)
\pgfsys@objnum=\count308
)))
(C:\Users\PC\AppData\Local\Programs\MiKTeX\tex/generic/pgf/systemlayer\pgfsysso
ftpath.code.tex
File: pgfsyssoftpath.code.tex 2023-01-15 v3.1.10 (3.1.10)
\pgfsyssoftpath@smallbuffer@items=\count309
\pgfsyssoftpath@bigbuffer@items=\count310
)
(C:\Users\PC\AppData\Local\Programs\MiKTeX\tex/generic/pgf/systemlayer\pgfsyspr
otocol.code.tex
File: pgfsysprotocol.code.tex 2023-01-15 v3.1.10 (3.1.10)
))
(C:\Users\PC\AppData\Local\Programs\MiKTeX\tex/generic/pgf/basiclayer\pgfcore.c
ode.tex
Package: pgfcore 2023-01-15 v3.1.10 (3.1.10)

(C:\Users\PC\AppData\Local\Programs\MiKTeX\tex/generic/pgf/math\pgfmath.code.te
x
(C:\Users\PC\AppData\Local\Programs\MiKTeX\tex/generic/pgf/math\pgfmathutil.cod
e.tex)
(C:\Users\PC\AppData\Local\Programs\MiKTeX\tex/generic/pgf/math\pgfmathparser.c
ode.tex
\pgfmath@dimen=\dimen197
\pgfmath@count=\count311
\pgfmath@box=\box66
\pgfmath@toks=\toks36
\pgfmath@stack@operand=\toks37
\pgfmath@stack@operation=\toks38
)
(C:\Users\PC\AppData\Local\Programs\MiKTeX\tex/generic/pgf/math\pgfmathfunction
s.code.tex)
(C:\Users\PC\AppData\Local\Programs\MiKTeX\tex/generic/pgf/math\pgfmathfunction
s.basic.code.tex)
(C:\Users\PC\AppData\Local\Programs\MiKTeX\tex/generic/pgf/math\pgfmathfunction
s.trigonometric.code.tex)
(C:\Users\PC\AppData\Local\Programs\MiKTeX\tex/generic/pgf/math\pgfmathfunction
s.random.code.tex)
(C:\Users\PC\AppData\Local\Programs\MiKTeX\tex/generic/pgf/math\pgfmathfunction
s.comparison.code.tex)
(C:\Users\PC\AppData\Local\Programs\MiKTeX\tex/generic/pgf/math\pgfmathfunction
s.base.code.tex)
(C:\Users\PC\AppData\Local\Programs\MiKTeX\tex/generic/pgf/math\pgfmathfunction
s.round.code.tex)
(C:\Users\PC\AppData\Local\Programs\MiKTeX\tex/generic/pgf/math\pgfmathfunction
s.misc.code.tex)
(C:\Users\PC\AppData\Local\Programs\MiKTeX\tex/generic/pgf/math\pgfmathfunction
s.integerarithmetics.code.tex)
(C:\Users\PC\AppData\Local\Programs\MiKTeX\tex/generic/pgf/math\pgfmathcalc.cod
e.tex)
(C:\Users\PC\AppData\Local\Programs\MiKTeX\tex/generic/pgf/math\pgfmathfloat.co
de.tex
\c@pgfmathroundto@lastzeros=\count312
))
(C:\Users\PC\AppData\Local\Programs\MiKTeX\tex/generic/pgf/math\pgfint.code.tex
)
(C:\Users\PC\AppData\Local\Programs\MiKTeX\tex/generic/pgf/basiclayer\pgfcorepo
ints.code.tex
File: pgfcorepoints.code.tex 2023-01-15 v3.1.10 (3.1.10)
\pgf@picminx=\dimen198
\pgf@picmaxx=\dimen199
\pgf@picminy=\dimen256
\pgf@picmaxy=\dimen257
\pgf@pathminx=\dimen258
\pgf@pathmaxx=\dimen259
\pgf@pathminy=\dimen260
\pgf@pathmaxy=\dimen261
\pgf@xx=\dimen262
\pgf@xy=\dimen263
\pgf@yx=\dimen264
\pgf@yy=\dimen265
\pgf@zx=\dimen266
\pgf@zy=\dimen267
)
(C:\Users\PC\AppData\Local\Programs\MiKTeX\tex/generic/pgf/basiclayer\pgfcorepa
thconstruct.code.tex
File: pgfcorepathconstruct.code.tex 2023-01-15 v3.1.10 (3.1.10)
\pgf@path@lastx=\dimen268
\pgf@path@lasty=\dimen269
)
(C:\Users\PC\AppData\Local\Programs\MiKTeX\tex/generic/pgf/basiclayer\pgfcorepa
thusage.code.tex
File: pgfcorepathusage.code.tex 2023-01-15 v3.1.10 (3.1.10)
\pgf@shorten@end@additional=\dimen270
\pgf@shorten@start@additional=\dimen271
)
(C:\Users\PC\AppData\Local\Programs\MiKTeX\tex/generic/pgf/basiclayer\pgfcoresc
opes.code.tex
File: pgfcorescopes.code.tex 2023-01-15 v3.1.10 (3.1.10)
\pgfpic=\box67
\pgf@hbox=\box68
\pgf@layerbox@main=\box69
\pgf@picture@serial@count=\count313
)
(C:\Users\PC\AppData\Local\Programs\MiKTeX\tex/generic/pgf/basiclayer\pgfcoregr
aphicstate.code.tex
File: pgfcoregraphicstate.code.tex 2023-01-15 v3.1.10 (3.1.10)
\pgflinewidth=\dimen272
)
(C:\Users\PC\AppData\Local\Programs\MiKTeX\tex/generic/pgf/basiclayer\pgfcoretr
ansformations.code.tex
File: pgfcoretransformations.code.tex 2023-01-15 v3.1.10 (3.1.10)
\pgf@pt@x=\dimen273
\pgf@pt@y=\dimen274
\pgf@pt@temp=\dimen275
)
(C:\Users\PC\AppData\Local\Programs\MiKTeX\tex/generic/pgf/basiclayer\pgfcorequ
ick.code.tex
File: pgfcorequick.code.tex 2023-01-15 v3.1.10 (3.1.10)
)
(C:\Users\PC\AppData\Local\Programs\MiKTeX\tex/generic/pgf/basiclayer\pgfcoreob
jects.code.tex
File: pgfcoreobjects.code.tex 2023-01-15 v3.1.10 (3.1.10)
)
(C:\Users\PC\AppData\Local\Programs\MiKTeX\tex/generic/pgf/basiclayer\pgfcorepa
thprocessing.code.tex
File: pgfcorepathprocessing.code.tex 2023-01-15 v3.1.10 (3.1.10)
)
(C:\Users\PC\AppData\Local\Programs\MiKTeX\tex/generic/pgf/basiclayer\pgfcorear
rows.code.tex
File: pgfcorearrows.code.tex 2023-01-15 v3.1.10 (3.1.10)
\pgfarrowsep=\dimen276
)
(C:\Users\PC\AppData\Local\Programs\MiKTeX\tex/generic/pgf/basiclayer\pgfcoresh
ade.code.tex
File: pgfcoreshade.code.tex 2023-01-15 v3.1.10 (3.1.10)
\pgf@max=\dimen277
\pgf@sys@shading@range@num=\count314
\pgf@shadingcount=\count315
)
(C:\Users\PC\AppData\Local\Programs\MiKTeX\tex/generic/pgf/basiclayer\pgfcoreim
age.code.tex
File: pgfcoreimage.code.tex 2023-01-15 v3.1.10 (3.1.10)
)
(C:\Users\PC\AppData\Local\Programs\MiKTeX\tex/generic/pgf/basiclayer\pgfcoreex
ternal.code.tex
File: pgfcoreexternal.code.tex 2023-01-15 v3.1.10 (3.1.10)
\pgfexternal@startupbox=\box70
)
(C:\Users\PC\AppData\Local\Programs\MiKTeX\tex/generic/pgf/basiclayer\pgfcorela
yers.code.tex
File: pgfcorelayers.code.tex 2023-01-15 v3.1.10 (3.1.10)
)
(C:\Users\PC\AppData\Local\Programs\MiKTeX\tex/generic/pgf/basiclayer\pgfcoretr
ansparency.code.tex
File: pgfcoretransparency.code.tex 2023-01-15 v3.1.10 (3.1.10)
)
(C:\Users\PC\AppData\Local\Programs\MiKTeX\tex/generic/pgf/basiclayer\pgfcorepa
tterns.code.tex
File: pgfcorepatterns.code.tex 2023-01-15 v3.1.10 (3.1.10)
)
(C:\Users\PC\AppData\Local\Programs\MiKTeX\tex/generic/pgf/basiclayer\pgfcorerd
f.code.tex
File: pgfcorerdf.code.tex 2023-01-15 v3.1.10 (3.1.10)
)))
(C:\Users\PC\AppData\Local\Programs\MiKTeX\tex/generic/pgf/modules\pgfmodulesha
pes.code.tex
File: pgfmoduleshapes.code.tex 2023-01-15 v3.1.10 (3.1.10)
\pgfnodeparttextbox=\box71
)
(C:\Users\PC\AppData\Local\Programs\MiKTeX\tex/generic/pgf/modules\pgfmoduleplo
t.code.tex
File: pgfmoduleplot.code.tex 2023-01-15 v3.1.10 (3.1.10)
)
(C:\Users\PC\AppData\Local\Programs\MiKTeX\tex/latex/pgf/compatibility\pgfcomp-
version-0-65.sty
Package: pgfcomp-version-0-65 2023-01-15 v3.1.10 (3.1.10)
\pgf@nodesepstart=\dimen278
\pgf@nodesepend=\dimen279
)
(C:\Users\PC\AppData\Local\Programs\MiKTeX\tex/latex/pgf/compatibility\pgfcomp-
version-1-18.sty
Package: pgfcomp-version-1-18 2023-01-15 v3.1.10 (3.1.10)
))
(C:\Users\PC\AppData\Local\Programs\MiKTeX\tex/latex/pgf/utilities\pgffor.sty
(C:\Users\PC\AppData\Local\Programs\MiKTeX\tex/latex/pgf/utilities\pgfkeys.sty
(C:\Users\PC\AppData\Local\Programs\MiKTeX\tex/generic/pgf/utilities\pgfkeys.co
de.tex))
(C:\Users\PC\AppData\Local\Programs\MiKTeX\tex/latex/pgf/math\pgfmath.sty
(C:\Users\PC\AppData\Local\Programs\MiKTeX\tex/generic/pgf/math\pgfmath.code.te
x))
(C:\Users\PC\AppData\Local\Programs\MiKTeX\tex/generic/pgf/utilities\pgffor.cod
e.tex
Package: pgffor 2023-01-15 v3.1.10 (3.1.10)
\pgffor@iter=\dimen280
\pgffor@skip=\dimen281
\pgffor@stack=\toks39
\pgffor@toks=\toks40
))
(C:\Users\PC\AppData\Local\Programs\MiKTeX\tex/generic/pgf/frontendlayer/tikz\t
ikz.code.tex
Package: tikz 2023-01-15 v3.1.10 (3.1.10)

(C:\Users\PC\AppData\Local\Programs\MiKTeX\tex/generic/pgf/libraries\pgflibrary
plothandlers.code.tex
File: pgflibraryplothandlers.code.tex 2023-01-15 v3.1.10 (3.1.10)
\pgf@plot@mark@count=\count316
\pgfplotmarksize=\dimen282
)
\tikz@lastx=\dimen283
\tikz@lasty=\dimen284
\tikz@lastxsaved=\dimen285
\tikz@lastysaved=\dimen286
\tikz@lastmovetox=\dimen287
\tikz@lastmovetoy=\dimen288
\tikzleveldistance=\dimen289
\tikzsiblingdistance=\dimen290
\tikz@figbox=\box72
\tikz@figbox@bg=\box73
\tikz@tempbox=\box74
\tikz@tempbox@bg=\box75
\tikztreelevel=\count317
\tikznumberofchildren=\count318
\tikznumberofcurrentchild=\count319
\tikz@fig@count=\count320

(C:\Users\PC\AppData\Local\Programs\MiKTeX\tex/generic/pgf/modules\pgfmodulemat
rix.code.tex
File: pgfmodulematrix.code.tex 2023-01-15 v3.1.10 (3.1.10)
\pgfmatrixcurrentrow=\count321
\pgfmatrixcurrentcolumn=\count322
\pgf@matrix@numberofcolumns=\count323
)
\tikz@expandcount=\count324

(C:\Users\PC\AppData\Local\Programs\MiKTeX\tex/generic/pgf/frontendlayer/tikz/l
ibraries\tikzlibrarytopaths.code.tex
File: tikzlibrarytopaths.code.tex 2023-01-15 v3.1.10 (3.1.10)
)))
(C:\Users\PC\AppData\Local\Programs\MiKTeX\tex/latex/tools\verbatim.sty
Package: verbatim 2024-01-22 v1.5x LaTeX2e package for verbatim enhancements
\every@verbatim=\toks41
\verbatim@line=\toks42
\verbatim@in@stream=\read4
)
(C:\Users\PC\AppData\Local\Programs\MiKTeX\tex/latex/environ\environ.sty
Package: environ 2014/05/04 v0.3 A new way to define environments

(C:\Users\PC\AppData\Local\Programs\MiKTeX\tex/latex/trimspaces\trimspaces.sty
Package: trimspaces 2009/09/17 v1.1 Trim spaces around a token list
))
\tcb@titlebox=\box76
\tcb@upperbox=\box77
\tcb@lowerbox=\box78
\tcb@phantombox=\box79
\c@tcbbreakpart=\count325
\c@tcblayer=\count326
\c@tcolorbox@number=\count327
\l__tcobox_tmpa_box=\box80
\l__tcobox_tmpa_dim=\dimen291
\tcb@temp=\box81
\tcb@temp=\box82
\tcb@temp=\box83
\tcb@temp=\box84
) (C:\Users\PC\AppData\Local\Programs\MiKTeX\tex/latex/varwidth\varwidth.sty
Package: varwidth 2009/03/30 ver 0.92;  Variable-width minipages
\@vwid@box=\box85
\sift@deathcycles=\count328
\@vwid@loff=\dimen292
\@vwid@roff=\dimen293
)
(C:\Users\PC\AppData\Local\Programs\MiKTeX\tex/latex/titlesec\titlesec.sty
Package: titlesec 2025/01/04 v2.17 Sectioning titles
\ttl@box=\box86
\beforetitleunit=\skip63
\aftertitleunit=\skip64
\ttl@plus=\dimen294
\ttl@minus=\dimen295
\ttl@toksa=\toks43
\titlewidth=\dimen296
\titlewidthlast=\dimen297
\titlewidthfirst=\dimen298
)
(C:\Users\PC\AppData\Local\Programs\MiKTeX\tex/latex/titling\titling.sty
Package: titling 2009/09/04 v2.1d maketitle typesetting
\thanksmarkwidth=\skip65
\thanksmargin=\skip66
\droptitle=\skip67
)
(C:\Users\PC\AppData\Local\Programs\MiKTeX\tex/latex/appendix\appendix.sty
Package: appendix 2020/02/08 v1.2c extra appendix facilities
\c@@pps=\count329
\c@@ppsavesec=\count330
\c@@ppsaveapp=\count331
)
(C:\Users\PC\AppData\Local\Programs\MiKTeX\tex/latex/glossaries/base\glossaries
.sty
Package: glossaries 2025/04/14 v4.6 (NLCT)
 (C:\Users\PC\AppData\Local\Programs\MiKTeX\tex/latex/xkeyval\xkeyval.sty
Package: xkeyval 2022/06/16 v2.9 package option processing (HA)

(C:\Users\PC\AppData\Local\Programs\MiKTeX\tex/generic/xkeyval\xkeyval.tex
(C:\Users\PC\AppData\Local\Programs\MiKTeX\tex/generic/xkeyval\xkvutils.tex
\XKV@toks=\toks44
\XKV@tempa@toks=\toks45
)
\XKV@depth=\count332
File: xkeyval.tex 2014/12/03 v2.7a key=value parser (HA)
))
(C:\Users\PC\AppData\Local\Programs\MiKTeX\tex/latex/mfirstuc\mfirstuc.sty
Package: mfirstuc 2025/04/03 v2.09 (NLCT)
\@glsmfirst=\toks46
\@glsmrest=\toks47
)
(C:\Users\PC\AppData\Local\Programs\MiKTeX\tex/latex/xfor\xfor.sty
Package: xfor 2009/02/05 v1.05 (NLCT)
)
(C:\Users\PC\AppData\Local\Programs\MiKTeX\tex/latex/tracklang\tracklang.sty
Package: tracklang 2025/03/11 v1.6.6 (NLCT) Track Languages

(C:\Users\PC\AppData\Local\Programs\MiKTeX\tex/generic/tracklang\tracklang.tex)
Package tracklang Info: Tracking dialect `english' (language `english') on inpu
t line 264.
Package tracklang Info: Tracking dialect `english' (language `english') on inpu
t line 264.
)
(C:\Users\PC\AppData\Local\Programs\MiKTeX\tex/latex/translator\translator.sty
Package: translator 2021-05-31 v1.12d Easy translation of strings in LaTeX
)
(C:\Users\PC\AppData\Local\Programs\MiKTeX\tex/latex/glossaries-english\glossar
ies-english.ldf
File: glossaries-english.ldf 2014/11/23 v1.0
)
(C:\Users\PC\AppData\Local\Programs\MiKTeX\tex/latex/datatool\datatool-base.sty
Package: datatool-base 2025/04/25 v3.4.1 (NLCT)

(C:\Users\PC\AppData\Local\Programs\MiKTeX\tex/latex/datatool\datatool-l3fp.def
File: datatool-l3fp.def 2025/04/25 v3.4.1 (NLCT)
)
\@dtl@toks=\toks48
\@dtl@tmpcount=\count333
\dtl@tmplength=\skip68
\l__datatool_measure_box=\box87
\dtl@sortresult=\count334

(C:\Users\PC\AppData\Local\Programs\MiKTeX\tex/latex/datatool\datatool-utf8.ldf
File: datatool-utf8.ldf 2025/04/25 v3.4.1 (NLCT)
)
\@dtl@datatype=\count335
\l__datatool_tmpa_int=\count336
\l__datatool_tmpb_int=\count337
\l__datatool_tmpc_int=\count338
\l__datatool_tmpd_int=\count339
\l__datatool_count_int=\count340
\l__datatool_tmp_datatype_int=\count341
\l__datatool_tmpa_dim=\dimen299
\l__datatool_tmpb_dim=\dimen300
\c_datatool_unknown_int=\count342
\l__datatool_year_int=\count343
\l__datatool_month_int=\count344
\l__datatool_day_int=\count345
\l__datatool_hour_int=\count346
\l__datatool_minute_int=\count347
\l__datatool_second_int=\count348
\l__datatool_tzhour_int=\count349
\l__datatool_tzminute_int=\count350
\l__datatool_julian_int=\count351
\l__datatool_local_julian_int=\count352
\l__datatool_prefix_int=\count353
\l__datatool_suffix_int=\count354
\@dtl@foreach@level=\count355


Package tracklang Warning: No `datatool' support for dialect `english'  on inpu
t line 9908.

\dtl@codeA=\count356
\dtl@codeB=\count357
)
\gls@level=\count358
\@gls@tmpb=\toks49
\gls@tmplen=\skip69
\l__glossaries_tmpa_dim=\dimen301
\l__glossaries_tmpb_dim=\dimen302
\glskeylisttok=\toks50
\glslabeltok=\toks51
\glsshorttok=\toks52
\glslongtok=\toks53

(C:\Users\PC\AppData\Local\Programs\MiKTeX\tex/latex/glossaries/styles\glossary
-hypernav.sty
Package: glossary-hypernav 2025/04/14 v4.6 (NLCT)
)
(C:\Users\PC\AppData\Local\Programs\MiKTeX\tex/latex/glossaries/styles\glossary
-list.sty
Package: glossary-list 2025/04/14 v4.6 (NLCT)
\glslistdottedwidth=\skip70
)
(C:\Users\PC\AppData\Local\Programs\MiKTeX\tex/latex/glossaries/styles\glossary
-long.sty
Package: glossary-long 2025/04/14 v4.6 (NLCT)
\glsdescwidth=\skip71
\glspagelistwidth=\skip72
)
(C:\Users\PC\AppData\Local\Programs\MiKTeX\tex/latex/glossaries/styles\glossary
-super.sty
Package: glossary-super 2025/04/14 v4.6 (NLCT)

(C:\Users\PC\AppData\Local\Programs\MiKTeX\tex/latex/supertabular\supertabular.
sty
Package: supertabular 2024/07/20 v4.2c the supertabular environment
\c@tracingst=\count359
\ST@wd=\dimen303
\ST@rightskip=\skip73
\ST@leftskip=\skip74
\ST@parfillskip=\skip75
\ST@pageleft=\dimen304
\ST@headht=\dimen305
\ST@tailht=\dimen306
\ST@pagesofar=\dimen307
\ST@pboxht=\dimen308
\ST@rowht=\dimen309
\ST@prevht=\dimen310
\ST@toadd=\dimen311
\ST@dimen=\dimen312
\ST@pbox=\box88
))
(C:\Users\PC\AppData\Local\Programs\MiKTeX\tex/latex/glossaries/styles\glossary
-tree.sty
Package: glossary-tree 2025/04/14 v4.6 (NLCT)
\l__glossaries_tree_max_known_level_int=\count360
\l__glossaries_tree_offset_dim=\dimen313
\l__glossaries_tree_namewidth_dim=\dimen314
\l__glossaries_tree_symbolwidth_dim=\dimen315
\l__glossaries_tree_prenamesym_width_dim=\dimen316
\l__glossaries_tree_presubnamesym_width_dim=\dimen317
\l__glossaries_tree_namewidth_padding_dim=\dimen318
\l__glossaries_tree_symbolwidth_padding_dim=\dimen319
\l__glossaries_tree_namesymbolwidth_dim=\dimen320
\l__glossaries_tree_namesymbolwidth_padding_dim=\dimen321
\l__glossaries_tree_level_int=\count361
\glstreeindent=\skip76
))
(C:\Users\PC\AppData\Local\Programs\MiKTeX\tex/latex/datetime2\datetime2.sty
Package: datetime2 2021/03/21 v1.5.7 (NLCT) date and time formats

(C:\Users\PC\AppData\Local\Programs\MiKTeX\tex/latex/datetime2-english\datetime
2-english.ldf
File: datetime2-english.ldf 2019/10/21 v1.05 (NLCT)

(C:\Users\PC\AppData\Local\Programs\MiKTeX\tex/latex/datetime2-english\datetime
2-english-base.ldf
File: datetime2-english-base.ldf 2019/10/21 v1.05 (NLCT)
))
(C:\Users\PC\AppData\Local\Programs\MiKTeX\tex/latex/datetime2\datetime2-calc.s
ty
Package: datetime2-calc 2021/03/21 v1.5.7 (NLCT)

(C:\Users\PC\AppData\Local\Programs\MiKTeX\tex/latex/pgf/utilities\pgfcalendar.
sty
(C:\Users\PC\AppData\Local\Programs\MiKTeX\tex/generic/pgf/utilities\pgfcalenda
r.code.tex
File: pgfcalendar.code.tex 2023-01-15 v3.1.10 (3.1.10)
\pgfcalendarcurrentjulian=\count362
\pgf@cal@easter@Y=\count363
\pgf@cal@easter@G=\count364
\pgf@cal@easter@C=\count365
\pgf@cal@easter@X=\count366
\pgf@cal@easter@Z=\count367
\pgf@cal@easter@D=\count368
\pgf@cal@easter@E=\count369
\pgf@cal@easter@N=\count370
\pgf@cal@easter@M=\count371
\pgf@cal@easter@julianday=\count372
))
\@dtm@julianday=\count373
))
(C:\Users\PC\AppData\Local\Programs\MiKTeX\tex/latex/hyperref\hyperref.sty
Package: hyperref 2024-11-05 v7.01l Hypertext links for LaTeX

(C:\Users\PC\AppData\Local\Programs\MiKTeX\tex/generic/iftex\iftex.sty
Package: iftex 2024/12/12 v1.0g TeX engine tests
)
(C:\Users\PC\AppData\Local\Programs\MiKTeX\tex/latex/kvsetkeys\kvsetkeys.sty
Package: kvsetkeys 2022-10-05 v1.19 Key value parser (HO)
)
(C:\Users\PC\AppData\Local\Programs\MiKTeX\tex/generic/kvdefinekeys\kvdefinekey
s.sty
Package: kvdefinekeys 2019-12-19 v1.6 Define keys (HO)
)
(C:\Users\PC\AppData\Local\Programs\MiKTeX\tex/generic/pdfescape\pdfescape.sty
Package: pdfescape 2019/12/09 v1.15 Implements pdfTeX's escape features (HO)

(C:\Users\PC\AppData\Local\Programs\MiKTeX\tex/generic/ltxcmds\ltxcmds.sty
Package: ltxcmds 2023-12-04 v1.26 LaTeX kernel commands for general use (HO)
)
(C:\Users\PC\AppData\Local\Programs\MiKTeX\tex/generic/pdftexcmds\pdftexcmds.st
y
Package: pdftexcmds 2020-06-27 v0.33 Utility functions of pdfTeX for LuaTeX (HO
)

(C:\Users\PC\AppData\Local\Programs\MiKTeX\tex/generic/infwarerr\infwarerr.sty
Package: infwarerr 2019/12/03 v1.5 Providing info/warning/error messages (HO)
)
Package pdftexcmds Info: \pdf@primitive is available.
Package pdftexcmds Info: \pdf@ifprimitive is available.
Package pdftexcmds Info: \pdfdraftmode not found.
)) (C:\Users\PC\AppData\Local\Programs\MiKTeX\tex/latex/hycolor\hycolor.sty
Package: hycolor 2020-01-27 v1.10 Color options for hyperref/bookmark (HO)
)
(C:\Users\PC\AppData\Local\Programs\MiKTeX\tex/latex/hyperref\nameref.sty
Package: nameref 2023-11-26 v2.56 Cross-referencing by name of section

(C:\Users\PC\AppData\Local\Programs\MiKTeX\tex/latex/refcount\refcount.sty
Package: refcount 2019/12/15 v3.6 Data extraction from label references (HO)
)
(C:\Users\PC\AppData\Local\Programs\MiKTeX\tex/generic/gettitlestring\gettitles
tring.sty
Package: gettitlestring 2019/12/15 v1.6 Cleanup title references (HO)

(C:\Users\PC\AppData\Local\Programs\MiKTeX\tex/latex/kvoptions\kvoptions.sty
Package: kvoptions 2022-06-15 v3.15 Key value format for package options (HO)
))
\c@section@level=\count374
) (C:\Users\PC\AppData\Local\Programs\MiKTeX\tex/generic/stringenc\stringenc.st
y
Package: stringenc 2019/11/29 v1.12 Convert strings between diff. encodings (HO
)
)
\@linkdim=\dimen322
\Hy@linkcounter=\count375
\Hy@pagecounter=\count376
 (C:\Users\PC\AppData\Local\Programs\MiKTeX\tex/latex/hyperref\pd1enc.def
File: pd1enc.def 2024-11-05 v7.01l Hyperref: PDFDocEncoding definition (HO)
)
(C:\Users\PC\AppData\Local\Programs\MiKTeX\tex/generic/intcalc\intcalc.sty
Package: intcalc 2019/12/15 v1.3 Expandable calculations with integers (HO)
)
\Hy@SavedSpaceFactor=\count377

(C:\Users\PC\AppData\Local\Programs\MiKTeX\tex/latex/hyperref\puenc.def
File: puenc.def 2024-11-05 v7.01l Hyperref: PDF Unicode definition (HO)
)
Package hyperref Info: Option `bookmarks' set `true' on input line 4040.
Package hyperref Info: Option `pdfusetitle' set `true' on input line 4040.
Package hyperref Info: Hyper figures OFF on input line 4157.
Package hyperref Info: Link nesting OFF on input line 4162.
Package hyperref Info: Hyper index ON on input line 4165.
Package hyperref Info: Plain pages OFF on input line 4172.
Package hyperref Info: Backreferencing OFF on input line 4177.
Package hyperref Info: Implicit mode ON; LaTeX internals redefined.
Package hyperref Info: Bookmarks ON on input line 4424.
\c@Hy@tempcnt=\count378

(C:\Users\PC\AppData\Local\Programs\MiKTeX\tex/latex/url\url.sty
\Urlmuskip=\muskip18
Package: url 2013/09/16  ver 3.4  Verb mode for urls, etc.
)
LaTeX Info: Redefining \url on input line 4763.
\XeTeXLinkMargin=\dimen323

(C:\Users\PC\AppData\Local\Programs\MiKTeX\tex/generic/bitset\bitset.sty
Package: bitset 2019/12/09 v1.3 Handle bit-vector datatype (HO)

(C:\Users\PC\AppData\Local\Programs\MiKTeX\tex/generic/bigintcalc\bigintcalc.st
y
Package: bigintcalc 2019/12/15 v1.5 Expandable calculations on big integers (HO
)
))
\Fld@menulength=\count379
\Field@Width=\dimen324
\Fld@charsize=\dimen325
Package hyperref Info: Hyper figures OFF on input line 6042.
Package hyperref Info: Link nesting OFF on input line 6047.
Package hyperref Info: Hyper index ON on input line 6050.
Package hyperref Info: backreferencing OFF on input line 6057.
Package hyperref Info: Link coloring OFF on input line 6062.
Package hyperref Info: Link coloring with OCG OFF on input line 6067.
Package hyperref Info: PDF/A mode OFF on input line 6072.
 (C:\Users\PC\AppData\Local\Programs\MiKTeX\tex/latex/base\atbegshi-ltx.sty
Package: atbegshi-ltx 2021/01/10 v1.0c Emulation of the original atbegshi
package with kernel methods
)
\Hy@abspage=\count380
\c@Item=\count381
\c@Hfootnote=\count382
)
Package hyperref Info: Driver (autodetected): hxetex.
 (C:\Users\PC\AppData\Local\Programs\MiKTeX\tex/latex/hyperref\hxetex.def
File: hxetex.def 2024-11-05 v7.01l Hyperref driver for XeTeX
\pdfm@box=\box89
\c@Hy@AnnotLevel=\count383
\HyField@AnnotCount=\count384
\Fld@listcount=\count385
\c@bookmark@seq@number=\count386

(C:\Users\PC\AppData\Local\Programs\MiKTeX\tex/latex/rerunfilecheck\rerunfilech
eck.sty
Package: rerunfilecheck 2022-07-10 v1.10 Rerun checks for auxiliary files (HO)

(C:\Users\PC\AppData\Local\Programs\MiKTeX\tex/latex/base\atveryend-ltx.sty
Package: atveryend-ltx 2020/08/19 v1.0a Emulation of the original atveryend pac
kage
with kernel methods
)
(C:\Users\PC\AppData\Local\Programs\MiKTeX\tex/generic/uniquecounter\uniquecoun
ter.sty
Package: uniquecounter 2019/12/15 v1.4 Provide unlimited unique counter (HO)
)
Package uniquecounter Info: New unique counter `rerunfilecheck' on input line 2
85.
)
\Hy@SectionHShift=\skip77
)
(C:\Users\PC\AppData\Local\Programs\MiKTeX\tex/latex/l3packages/xparse\xparse.s
ty
Package: xparse 2024-08-16 L3 Experimental document command parser
)
(C:\Users\PC\AppData\Local\Programs\MiKTeX\tex/latex/koma-script\typearea.sty
Package: typearea 2024/10/24 v3.43 KOMA-Script package (type area)

(C:\Users\PC\AppData\Local\Programs\MiKTeX\tex/latex/koma-script\scrkbase.sty
Package: scrkbase 2024/10/24 v3.43 KOMA-Script package (KOMA-Script-dependent b
asics and keyval usage)

(C:\Users\PC\AppData\Local\Programs\MiKTeX\tex/latex/koma-script\scrbase.sty
Package: scrbase 2024/10/24 v3.43 KOMA-Script package (KOMA-Script-independent 
basics and keyval usage)

(C:\Users\PC\AppData\Local\Programs\MiKTeX\tex/latex/koma-script\scrlfile.sty
Package: scrlfile 2024/10/24 v3.43 KOMA-Script package (file load hooks)

(C:\Users\PC\AppData\Local\Programs\MiKTeX\tex/latex/koma-script\scrlfile-hook.
sty
Package: scrlfile-hook 2024/10/24 v3.43 KOMA-Script package (using LaTeX hooks)


(C:\Users\PC\AppData\Local\Programs\MiKTeX\tex/latex/koma-script\scrlogo.sty
Package: scrlogo 2024/10/24 v3.43 KOMA-Script package (logo)
)))
Applying: [2021/05/01] Usage of raw or classic option list on input line 254.
Already applied: [0000/00/00] Usage of raw or classic option list on input line
 370.
))
\ta@bcor=\skip78
\ta@div=\count387
\ta@hblk=\skip79
\ta@vblk=\skip80
\ta@temp=\skip81
\footheight=\skip82
Package typearea Info: These are the values describing the layout:
(typearea)             DIV  = 10
(typearea)             BCOR = 0.0pt
(typearea)             \paperwidth      = 597.50793pt
(typearea)              \textwidth      = 418.25555pt
(typearea)              DIV departure   = -6%
(typearea)              \evensidemargin = 47.2316pt
(typearea)              \oddsidemargin  = -12.5192pt
(typearea)             \paperheight     = 845.04694pt
(typearea)              \textheight     = 595.80026pt
(typearea)              \topmargin      = -25.16531pt
(typearea)              \headheight     = 17.0pt
(typearea)              \headsep        = 20.40001pt
(typearea)              \topskip        = 11.0pt
(typearea)              \footskip       = 47.6pt
(typearea)              \baselineskip   = 13.6pt
(typearea)              on input line 1802.
) (C:\Users\PC\AppData\Local\Programs\MiKTeX\tex/latex/eso-pic\eso-pic.sty
Package: eso-pic 2023/05/03 v3.0c eso-pic (RN)
\ESO@tempdima=\dimen326
\ESO@tempdimb=\dimen327
)
(C:\Users\PC\AppData\Local\Programs\MiKTeX\tex/latex/setspace\setspace.sty
Package: setspace 2022/12/04 v6.7b set line spacing
)
(C:\Users\PC\AppData\Local\Programs\MiKTeX\tex/latex/minted\minted2.sty
Package: minted2 2024/05/09 v2.9 Yet another Pygments shim for LaTeX

(C:\Users\PC\AppData\Local\Programs\MiKTeX\tex/latex/fvextra\fvextra.sty
Package: fvextra 2025/03/04 v1.12.0 fvextra - extensions and patches for fancyv
rb

(C:\Users\PC\AppData\Local\Programs\MiKTeX\tex/latex/fancyvrb\fancyvrb.sty
Package: fancyvrb 2024/01/20 4.5c verbatim text (tvz,hv)
\FV@CodeLineNo=\count388
\FV@InFile=\read5
\FV@TabBox=\box90
\c@FancyVerbLine=\count389
\FV@StepNumber=\count390
\FV@OutFile=\write4
)
(C:\Users\PC\AppData\Local\Programs\MiKTeX\tex/latex/upquote\upquote.sty
Package: upquote 2012/04/19 v1.3 upright-quote and grave-accent glyphs in verba
tim

(C:\Users\PC\AppData\Local\Programs\MiKTeX\tex/latex/base\textcomp.sty
Package: textcomp 2024/04/24 v2.1b Standard LaTeX package
))
(C:\Users\PC\AppData\Local\Programs\MiKTeX\tex/latex/lineno\lineno.sty
Package: lineno 2025/01/29 line numbers on paragraphs v5.4
\linenopenalty=\count391
\output=\toks54
\linenoprevgraf=\count392
\linenumbersep=\dimen328
\linenumberwidth=\dimen329
\c@linenumber=\count393
\c@pagewiselinenumber=\count394
\c@LN@truepage=\count395
\c@internallinenumber=\count396
\c@internallinenumbers=\count397
\quotelinenumbersep=\dimen330
\bframerule=\dimen331
\bframesep=\dimen332
\bframebox=\box91
\@LN@amsmath@ams@eqpen=\count398
LaTeX Info: Redefining \\ on input line 3187.
)
\c@FancyVerbWriteLine=\count399
\c@FancyVerbBufferLine=\count400
\c@FV@TrueTabGroupLevel=\count401
\c@FV@TrueTabCounter=\count402
\FV@TabBox@Group=\box92
\FV@bgcolorstructbox=\box93
\FV@TmpLength=\skip83
\c@FV@HighlightLinesStart=\count403
\c@FV@HighlightLinesStop=\count404
\FV@LoopCount=\count405
\FV@NCharsBox=\box94
\FV@BreakIndent=\dimen333
\FV@BreakIndentNChars=\count406
\FV@BreakSymbolSepLeft=\dimen334
\FV@BreakSymbolSepLeftNChars=\count407
\FV@BreakSymbolSepRight=\dimen335
\FV@BreakSymbolSepRightNChars=\count408
\FV@BreakSymbolIndentLeft=\dimen336
\FV@BreakSymbolIndentLeftNChars=\count409
\FV@BreakSymbolIndentRight=\dimen337
\FV@BreakSymbolIndentRightNChars=\count410
\c@FancyVerbLineBreakLast=\count411
\FV@LineBox=\box95
\FV@LineIndentBox=\box96
\c@FV@BreakBufferDepth=\count412
\FV@LineWidth=\dimen338
)
(C:\Users\PC\AppData\Local\Programs\MiKTeX\tex/latex/tools\shellesc.sty
Package: shellesc 2023/07/08 v1.0d unified shell escape interface for LaTeX
Package shellesc Info: Unrestricted shell escape enabled on input line 75.
)
(C:\Users\PC\AppData\Local\Programs\MiKTeX\tex/latex/ifplatform\ifplatform.sty
Package: ifplatform 2017/10/13 v0.4a Testing for the operating system

(C:\Users\PC\AppData\Local\Programs\MiKTeX\tex/generic/catchfile\catchfile.sty
Package: catchfile 2019/12/09 v1.8 Catch the contents of a file (HO)

(C:\Users\PC\AppData\Local\Programs\MiKTeX\tex/generic/etexcmds\etexcmds.sty
Package: etexcmds 2019/12/15 v1.7 Avoid name clashes with e-TeX commands (HO)
))
(C:\Users\PC\AppData\Local\Programs\MiKTeX\tex/generic/iftex\ifluatex.sty
Package: ifluatex 2019/10/25 v1.5 ifluatex legacy package. Use iftex instead.
))
(C:\Users\PC\AppData\Local\Programs\MiKTeX\tex/latex/xstring\xstring.sty
(C:\Users\PC\AppData\Local\Programs\MiKTeX\tex/generic/xstring\xstring.tex
\xs_counta=\count413
\xs_countb=\count414
)
Package: xstring 2023/08/22 v1.86 String manipulations (CT)
)
(C:\Users\PC\AppData\Local\Programs\MiKTeX\tex/latex/framed\framed.sty
Package: framed 2011/10/22 v 0.96: framed or shaded text with page breaks
\OuterFrameSep=\skip84
\fb@frw=\dimen339
\fb@frh=\dimen340
\FrameRule=\dimen341
\FrameSep=\dimen342
)
(C:\Users\PC\AppData\Local\Programs\MiKTeX\tex/latex/newfloat\newfloat.sty
Package: newfloat 2023/10/01 v1.2 Defining new floating environments (AR)
Package newfloat Info: Unsupported document class, or \@chapter 
(newfloat)             was already redefined by another package.
Package newfloat Info: \@chapter = macro:->\def \Hy@next {\Hy@MakeCurrentHrefAu
to {\Hy@chapapp *}\Hy@raisedlink {\hyper@anchorstart {\@currentHref }\hyper@anc
horend }}\ifnum \c@secnumdepth >\m@ne \@ifundefined {if@mainmatter}\iftrue {\cs
name if@mainmatter\endcsname }\let \Hy@next \relax \fi \fi \Hy@next \Hy@org@cha
pter .
Package newfloat Info: \Hy@org@chapter = macro:[#1]#2->\NR@gettitle {#1}\NR@cha
pter [{#1}]{#2}.
Package newfloat Info: \algocf@original@chapter = undefined.
)
\minted@appexistsfile=\read6
\minted@bgbox=\box97
\minted@code=\write5
\c@minted@FancyVerbLineTemp=\count415
\c@minted@pygmentizecounter=\count416
Package newfloat Info: New float `listing' with options `fileext=lol,placement=
tbp' on input line 1232.
\c@listing=\count417
Package newfloat Info: float type `listing'=4 on input line 1232.
Package caption Info: New subtype `sublisting' on input line 1232.
\c@sublisting=\count418
)
runsystem(if not exist _minted-AdventureWorks mkdir _minted-AdventureWorks)...e
xecuted.


(C:\Users\PC\AppData\Local\Programs\MiKTeX\tex/latex/silence\silence.sty
Package: silence 2012/07/02 v1.5b Selective filtering of warnings and error mes
sages
\sl@Save=\count419
\sl@StateNumber=\count420
\sl@MessageCount=\count421
\sl@Casualties=\count422
\sl@Filter=\toks55
\sl@Message=\toks56
\sl@UnexpandedMessage=\toks57
\sl@Mess@ge=\toks58
\sl@WarningCount=\count423
\sl@WarningNumber=\count424
\sl@WarningCasualties=\count425
\sl@TempBOW=\toks59
\sl@BankOfWarnings=\toks60
LaTeX Info: Redefining \GenericWarning on input line 433.
\sl@ErrorCount=\count426
\sl@ErrorNumber=\count427
\sl@ErrorCasualties=\count428
\sl@TempBOE=\toks61
\sl@BankOfErrors=\toks62
LaTeX Info: Redefining \GenericError on input line 601.
)
(C:\Users\PC\AppData\Local\Programs\MiKTeX\tex/latex/fontawesome5\fontawesome5.
sty
Package: fontawesome5 2022/05/02 v5.15.4 Font Awesome 5

(C:\Users\PC\AppData\Local\Programs\MiKTeX\tex/latex/l3packages/l3keys2e\l3keys
2e.sty
Package: l3keys2e 2024-08-16 LaTeX2e option processing using LaTeX3 keys
)
(C:\Users\PC\AppData\Local\Programs\MiKTeX\tex/latex/fontawesome5\fontawesome5-
utex-helper.sty
Package: fontawesome5-utex-helper 2022/05/02 v5.15.4 uTeX helper for fontawesom
e5
LaTeX Font Info:    Trying to load font information for TU+fontawesomefree on i
nput line 69.

(C:\Users\PC\AppData\Local\Programs\MiKTeX\tex/latex/fontawesome5\tufontawesome
free.fd)
LaTeX Font Info:    Trying to load font information for TU+fontawesomebrands on
 input line 70.

(C:\Users\PC\AppData\Local\Programs\MiKTeX\tex/latex/fontawesome5\tufontawesome
brands.fd)))
(C:\Users\PC\AppData\Local\Programs\MiKTeX\tex/latex/tools\calc.sty
Package: calc 2023/07/08 v4.3 Infix arithmetic (KKT,FJ)
\calc@Acount=\count429
\calc@Bcount=\count430
\calc@Adimen=\dimen343
\calc@Bdimen=\dimen344
\calc@Askip=\skip85
\calc@Bskip=\skip86
LaTeX Info: Redefining \setlength on input line 80.
LaTeX Info: Redefining \addtolength on input line 81.
\calc@Ccount=\count431
\calc@Cskip=\skip87
)
(C:\Users\PC\AppData\Local\Programs\MiKTeX\tex/latex/contour\contour.sty
Invalid UTF-8 byte or sequence at line 11 replaced by U+FFFD.
Package: contour 2004/11/18 v2.14 Print contoured text (HH, MH)
\con@length=\skip88

Loading configuration file `contour.cfg'.
(C:\Users\PC\AppData\Local\Programs\MiKTeX\tex/latex/contour\contour.cfg
File: contour.cfg 2004/11/18 v2.14 Print contoured text (HH, MH)
)
contour: Using driver file `dvips.cnt'.
(C:\Users\PC\AppData\Local\Programs\MiKTeX\tex/latex/contour\dvips.cnt
File: dvips.cnt 2004/11/18 v2.14 Print contoured text (HH, MH)
))
(C:\Users\PC\AppData\Local\Programs\MiKTeX\tex/latex/ulem\ulem.sty
\UL@box=\box98
\UL@hyphenbox=\box99
\UL@skip=\skip89
\UL@hook=\toks63
\UL@height=\dimen345
\UL@pe=\count432
\UL@pixel=\dimen346
\ULC@box=\box100
Package: ulem 2019/11/18
\ULdepth=\dimen347
)
(C:\Users\PC\AppData\Local\Programs\MiKTeX\tex/latex/blindtext\blindtext.sty
Package: blindtext 2012/01/06 V2.0 blindtext-Package

(C:\Users\PC\AppData\Local\Programs\MiKTeX\tex/latex/tools\xspace.sty
Package: xspace 2014/10/28 v1.13 Space after command names (DPC,MH)
)
\c@blindtext=\count433
\c@Blindtext=\count434
\c@blind@countparstart=\count435
\blind@countxx=\count436
\blindtext@numBlindtext=\count437
\blind@countyy=\count438
\c@blindlist=\count439
\c@blindlistlevel=\count440
\c@blindlist@level=\count441
\blind@listitem=\count442
\c@blind@listcount=\count443
\c@blind@levelcount=\count444
\blind@mathformula=\count445
\blind@Mathformula=\count446
\c@blind@randomcount=\count447
\c@blind@randommax=\count448
\c@blind@pangramcount=\count449
\c@blind@pangrammax=\count450
)
(C:\Users\PC\AppData\Local\Programs\MiKTeX\tex/latex/ragged2e\ragged2e.sty
Package: ragged2e 2023/06/22 v3.6 ragged2e Package
\CenteringLeftskip=\skip90
\RaggedLeftLeftskip=\skip91
\RaggedRightLeftskip=\skip92
\CenteringRightskip=\skip93
\RaggedLeftRightskip=\skip94
\RaggedRightRightskip=\skip95
\CenteringParfillskip=\skip96
\RaggedLeftParfillskip=\skip97
\RaggedRightParfillskip=\skip98
\JustifyingParfillskip=\skip99
\CenteringParindent=\skip100
\RaggedLeftParindent=\skip101
\RaggedRightParindent=\skip102
\JustifyingParindent=\skip103
)
(C:\Users\PC\AppData\Local\Programs\MiKTeX\tex/latex/tcolorbox\tcbraster.code.t
ex
Library (tcolorbox): 'tcbraster.code.tex' version '6.4.1'
\c@tcbrastercolumn=\count451
\c@tcbrasterrow=\count452
\c@tcbrasternum=\count453
\c@tcbraster=\count454
)
(C:\Users\PC\AppData\Local\Programs\MiKTeX\tex/latex/tcolorbox\tcbskins.code.te
x
Library (tcolorbox): 'tcbskins.code.tex' version '6.4.1'

(C:\Users\PC\AppData\Local\Programs\MiKTeX\tex/latex/tikzfill\tikzfill.image.st
y
Package: tikzfill.image 2023/08/08 v1.0.1 Image filling library for TikZ

(C:\Users\PC\AppData\Local\Programs\MiKTeX\tex/latex/tikzfill\tikzfill-common.s
ty
Package: tikzfill-common 2023/08/08 v1.0.1 Auxiliary code for tikzfill
)
(C:\Users\PC\AppData\Local\Programs\MiKTeX\tex/latex/tikzfill\tikzlibraryfill.i
mage.code.tex
File: tikzlibraryfill.image.code.tex 2023/08/08 v1.0.1 Image filling library
\l__tikzfill_img_box=\box101
))
(C:\Users\PC\AppData\Local\Programs\MiKTeX\tex/latex/tcolorbox\tcbskinsjigsaw.c
ode.tex
Library (tcolorbox): 'tcbskinsjigsaw.code.tex' version '6.4.1'
))
(C:\Users\PC\AppData\Local\Programs\MiKTeX\tex/latex/tcolorbox\tcbbreakable.cod
e.tex
Library (tcolorbox): 'tcbbreakable.code.tex' version '6.4.1'
(C:\Users\PC\AppData\Local\Programs\MiKTeX\tex/latex/pdfcol\pdfcol.sty
Package: pdfcol 2022-09-21 v1.7 Handle new color stacks for pdfTeX (HO)
Package pdfcol Info: Interface disabled because of missing PDF mode of pdfTeX.
)
Package pdfcol Info: pdfTeX's color stacks are not available.
\tcb@testbox=\box102
\tcb@totalupperbox=\box103
\tcb@totallowerbox=\box104
)
(C:\Users\PC\AppData\Local\Programs\MiKTeX\tex/latex/tcolorbox\tcbhooks.code.te
x
Library (tcolorbox): 'tcbhooks.code.tex' version '6.4.1'
)
(C:\Users\PC\AppData\Local\Programs\MiKTeX\tex/latex/tcolorbox\tcbtheorems.code
.tex
Library (tcolorbox): 'tcbtheorems.code.tex' version '6.4.1'
)
(C:\Users\PC\AppData\Local\Programs\MiKTeX\tex/latex/tcolorbox\tcbfitting.code.
tex
Library (tcolorbox): 'tcbfitting.code.tex' version '6.4.1'
\tcbfitdim=\dimen348
\tcb@lowerfitdim=\dimen349
\tcb@upperfitdim=\dimen350
\tcb@cur@hbadness=\count455
)
(C:\Users\PC\AppData\Local\Programs\MiKTeX\tex/latex/tcolorbox\tcblistingsutf8.
code.tex
Library (tcolorbox): 'tcblistingsutf8.code.tex' version '6.4.1'

(C:\Users\PC\AppData\Local\Programs\MiKTeX\tex/latex/tcolorbox\tcblistings.code
.tex
Library (tcolorbox): 'tcblistings.code.tex' version '6.4.1'
(C:\Users\PC\AppData\Local\Programs\MiKTeX\tex/latex/listings\listings.sty
\lst@mode=\count456
\lst@gtempboxa=\box105
\lst@token=\toks64
\lst@length=\count457
\lst@currlwidth=\dimen351
\lst@column=\count458
\lst@pos=\count459
\lst@lostspace=\dimen352
\lst@width=\dimen353
\lst@newlines=\count460
\lst@lineno=\count461
\lst@maxwidth=\dimen354

(C:\Users\PC\AppData\Local\Programs\MiKTeX\tex/latex/listings\lstpatch.sty
File: lstpatch.sty 2024/09/23 1.10c (Carsten Heinz)
)
(C:\Users\PC\AppData\Local\Programs\MiKTeX\tex/latex/listings\lstmisc.sty
File: lstmisc.sty 2024/09/23 1.10c (Carsten Heinz)
\c@lstnumber=\count462
\lst@skipnumbers=\count463
\lst@framebox=\box106
)
(C:\Users\PC\AppData\Local\Programs\MiKTeX\tex/latex/listings\listings.cfg
File: listings.cfg 2024/09/23 1.10c listings configuration
))
Package: listings 2024/09/23 1.10c (Carsten Heinz)

(C:\Users\PC\AppData\Local\Programs\MiKTeX\tex/latex/tcolorbox\tcblistingscore.
code.tex
Library (tcolorbox): 'tcblistingscore.code.tex' version '6.4.1'

(C:\Users\PC\AppData\Local\Programs\MiKTeX\tex/latex/tcolorbox\tcbprocessing.co
de.tex
Library (tcolorbox): 'tcbprocessing.code.tex' version '6.4.1'
)
\c@tcblisting=\count464
))
Package tcolorbox Info: Library `listingsutf8' is compatible with pdftex only. 
Library `listings` is loaded instead. on input line 29.
)
(C:\Users\PC\AppData\Local\Programs\MiKTeX\tex/latex/tcolorbox\tcbexternal.code
.tex
Library (tcolorbox): 'tcbexternal.code.tex' version '6.4.1'
)
(C:\Users\PC\AppData\Local\Programs\MiKTeX\tex/latex/tcolorbox\tcbmagazine.code
.tex
Library (tcolorbox): 'tcbmagazine.code.tex' version '6.4.1'
)
(C:\Users\PC\AppData\Local\Programs\MiKTeX\tex/latex/tcolorbox\tcbvignette.code
.tex
Library (tcolorbox): 'tcbvignette.code.tex' version '6.4.1'

(C:\Users\PC\AppData\Local\Programs\MiKTeX\tex/generic/pgf/frontendlayer/tikz/l
ibraries\tikzlibraryfadings.code.tex
File: tikzlibraryfadings.code.tex 2023-01-15 v3.1.10 (3.1.10)

(C:\Users\PC\AppData\Local\Programs\MiKTeX\tex/generic/pgf/libraries\pgflibrary
fadings.code.tex
File: pgflibraryfadings.code.tex 2023-01-15 v3.1.10 (3.1.10)
)))
(C:\Users\PC\AppData\Local\Programs\MiKTeX\tex/latex/tcolorbox\tcbposter.code.t
ex
Library (tcolorbox): 'tcbposter.code.tex' version '6.4.1'
) (Configurations/00-Fonts.sty
(C:\Users\PC\AppData\Local\Programs\MiKTeX\tex/latex/base\fontenc.sty
Package: fontenc 2021/04/29 v2.0v Standard LaTeX package
LaTeX Font Info:    Trying to load font information for T1+lmr on input line 11
6.

(C:\Users\PC\AppData\Local\Programs\MiKTeX\tex/latex/lm\t1lmr.fd
File: t1lmr.fd 2015/05/01 v1.6.1 Font defs for Latin Modern
))
(C:\Users\PC\AppData\Local\Programs\MiKTeX\tex/latex/newpx\newpxmath.sty
Package: newpxmath 2025/01/29 v1.540

`newpxmath' v1.540, 2025/01/29 Math macros based on pxfonts (msharpe)
(C:\Users\PC\AppData\Local\Programs\MiKTeX\tex/generic/binhex\binhex.tex)
(C:\Users\PC\AppData\Local\Programs\MiKTeX\tex/latex/oberdiek\centernot.sty
Package: centernot 2016/05/16 v1.4 Centers the not symbol horizontally (HO)
)
\px@tA=\toks65
\px@tB=\toks66
\px@su=\read7
\px@Isdigit=\count465

amsthm NOT loaded
LaTeX Font Info:    Redeclaring symbol font `operators' on input line 222.
LaTeX Font Info:    Overwriting symbol font `operators' in version `normal'
(Font)                  OT1/cmr/m/n --> OT1/lmr/m/n on input line 222.
LaTeX Font Info:    Overwriting symbol font `operators' in version `bold'
(Font)                  OT1/cmr/bx/n --> OT1/lmr/m/n on input line 222.
LaTeX Font Info:    Overwriting symbol font `operators' in version `bold'
(Font)                  OT1/lmr/m/n --> OT1/lmr/b/n on input line 223.
LaTeX Font Info:    Redeclaring math alphabet \mathsf on input line 226.
LaTeX Font Info:    Overwriting math alphabet `\mathsf' in version `normal'
(Font)                  OT1/cmss/m/n --> T1/lmss/m/n on input line 226.
LaTeX Font Info:    Overwriting math alphabet `\mathsf' in version `bold'
(Font)                  OT1/cmss/bx/n --> T1/lmss/m/n on input line 226.
LaTeX Font Info:    Redeclaring math alphabet \mathit on input line 227.
LaTeX Font Info:    Overwriting math alphabet `\mathit' in version `normal'
(Font)                  OT1/cmr/m/it --> OT1/lmr/m/it on input line 227.
LaTeX Font Info:    Overwriting math alphabet `\mathit' in version `bold'
(Font)                  OT1/cmr/bx/it --> OT1/lmr/m/it on input line 227.
LaTeX Font Info:    Redeclaring math alphabet \mathtt on input line 228.
LaTeX Font Info:    Overwriting math alphabet `\mathtt' in version `normal'
(Font)                  OT1/cmtt/m/n --> T1/lmtt/m/n on input line 228.
LaTeX Font Info:    Overwriting math alphabet `\mathtt' in version `bold'
(Font)                  OT1/cmtt/m/n --> T1/lmtt/m/n on input line 228.
LaTeX Font Info:    Redeclaring math alphabet \mathbf on input line 230.
LaTeX Font Info:    Overwriting math alphabet `\mathbf' in version `normal'
(Font)                  OT1/cmr/bx/n --> OT1/lmr/b/n on input line 230.
LaTeX Font Info:    Overwriting math alphabet `\mathbf' in version `bold'
(Font)                  OT1/cmr/bx/n --> OT1/lmr/b/n on input line 230.
LaTeX Font Info:    Overwriting math alphabet `\mathit' in version `bold'
(Font)                  OT1/lmr/m/it --> OT1/lmr/b/it on input line 231.
LaTeX Font Info:    Overwriting math alphabet `\mathsf' in version `bold'
(Font)                  T1/lmss/m/n --> T1/lmss/b/n on input line 233.
LaTeX Font Info:    Overwriting math alphabet `\mathtt' in version `bold'
(Font)                  T1/lmtt/m/n --> T1/lmtt/b/n on input line 234.
LaTeX Font Info:    Redeclaring symbol font `letters' on input line 245.
LaTeX Font Info:    Overwriting symbol font `letters' in version `normal'
(Font)                  OML/cmm/m/it --> OML/npxmi/m/it on input line 245.
LaTeX Font Info:    Overwriting symbol font `letters' in version `bold'
(Font)                  OML/cmm/b/it --> OML/npxmi/m/it on input line 245.
LaTeX Font Info:    Overwriting symbol font `letters' in version `bold'
(Font)                  OML/npxmi/m/it --> OML/npxmi/b/it on input line 246.
\symlettersA=\mathgroup6
LaTeX Font Info:    Overwriting symbol font `lettersA' in version `bold'
(Font)                  U/npxmia/m/it --> U/npxmia/b/it on input line 264.
LaTeX Font Info:    Redeclaring math alphabet \mathfrak on input line 266.
LaTeX Font Info:    Redeclaring symbol font `symbols' on input line 274.
LaTeX Font Info:    Encoding `OMS' has changed to `LMS' for symbol font
(Font)              `symbols' in the math version `normal' on input line 274.
LaTeX Font Info:    Overwriting symbol font `symbols' in version `normal'
(Font)                  OMS/cmsy/m/n --> LMS/npxsy/m/n on input line 274.
LaTeX Font Info:    Encoding `OMS' has changed to `LMS' for symbol font
(Font)              `symbols' in the math version `bold' on input line 274.
LaTeX Font Info:    Overwriting symbol font `symbols' in version `bold'
(Font)                  OMS/cmsy/b/n --> LMS/npxsy/m/n on input line 274.
LaTeX Font Info:    Overwriting symbol font `symbols' in version `bold'
(Font)                  LMS/npxsy/m/n --> LMS/npxsy/b/n on input line 275.
\symAMSm=\mathgroup7
LaTeX Font Info:    Overwriting symbol font `AMSm' in version `bold'
(Font)                  U/npxsym/m/n --> U/npxsym/b/n on input line 295.
\symsymbolsC=\mathgroup8
LaTeX Font Info:    Overwriting symbol font `symbolsC' in version `bold'
(Font)                  U/npxsyc/m/n --> U/npxsyc/b/n on input line 317.
LaTeX Font Info:    Redeclaring symbol font `largesymbols' on input line 337.
LaTeX Font Info:    Encoding `OMX' has changed to `LMX' for symbol font
(Font)              `largesymbols' in the math version `normal' on input line 3
37.
LaTeX Font Info:    Overwriting symbol font `largesymbols' in version `normal'
(Font)                  OMX/cmex/m/n --> LMX/npxexx/m/n on input line 337.
LaTeX Font Info:    Encoding `OMX' has changed to `LMX' for symbol font
(Font)              `largesymbols' in the math version `bold' on input line 337
.
LaTeX Font Info:    Overwriting symbol font `largesymbols' in version `bold'
(Font)                  OMX/cmex/m/n --> LMX/npxexx/m/n on input line 337.
LaTeX Font Info:    Overwriting symbol font `largesymbols' in version `bold'
(Font)                  LMX/npxexx/m/n --> LMX/npxexx/b/n on input line 338.
\symlargesymbolsPXA=\mathgroup9
LaTeX Font Info:    Overwriting symbol font `largesymbolsPXA' in version `bold'

(Font)                  U/npxexa/m/n --> U/npxexa/b/n on input line 345.
\px@cntz=\count466
\px@IsAlNum=\count467
\px@sbptoks=\toks67
LaTeX Font Info:    Redeclaring math delimiter \lfloor on input line 500.
LaTeX Font Info:    Redeclaring math delimiter \rfloor on input line 501.
LaTeX Font Info:    Redeclaring math delimiter \lceil on input line 502.
LaTeX Font Info:    Redeclaring math delimiter \rceil on input line 503.
LaTeX Font Info:    Redeclaring math delimiter \lbrace on input line 508.
LaTeX Font Info:    Redeclaring math delimiter \rbrace on input line 509.
LaTeX Font Info:    Redeclaring math delimiter \langle on input line 511.
LaTeX Font Info:    Redeclaring math delimiter \rangle on input line 513.
LaTeX Font Info:    Redeclaring math delimiter \arrowvert on input line 517.
LaTeX Font Info:    Redeclaring math delimiter \vert on input line 518.
LaTeX Font Info:    Redeclaring math symbol \parallel on input line 519.
LaTeX Font Info:    Redeclaring math delimiter \Arrowvert on input line 520.
LaTeX Font Info:    Redeclaring math accent \grave on input line 560.
LaTeX Font Info:    Redeclaring math accent \acute on input line 561.
LaTeX Font Info:    Redeclaring math accent \hat on input line 562.
LaTeX Font Info:    Redeclaring math accent \tilde on input line 563.
LaTeX Font Info:    Redeclaring math accent \bar on input line 564.
LaTeX Font Info:    Redeclaring math accent \breve on input line 565.
LaTeX Font Info:    Redeclaring math accent \mathring on input line 566.
LaTeX Font Info:    Redeclaring math accent \check on input line 567.
LaTeX Font Info:    Redeclaring math accent \dot on input line 571.
LaTeX Font Info:    Redeclaring math accent \ddot on input line 572.
LaTeX Font Info:    Redeclaring math accent \vec on input line 1617.
LaTeX Info: Redefining \Bbbk on input line 2194.
LaTeX Info: Redefining \not on input line 2534.
) (C:\Users\PC\AppData\Local\Programs\MiKTeX\tex/latex/csquotes\csquotes.sty
Package: csquotes 2024-04-04 v5.2o context-sensitive quotations (JAW)
\csq@reset=\count468
\csq@gtype=\count469
\csq@glevel=\count470
\csq@qlevel=\count471
\csq@maxlvl=\count472
\csq@tshold=\count473
\csq@ltx@everypar=\toks68

(C:\Users\PC\AppData\Local\Programs\MiKTeX\tex/latex/csquotes\csquotes.def
File: csquotes.def 2024-04-04 v5.2o csquotes generic definitions (JAW)
)
Package csquotes Info: Trying to load configuration file 'csquotes.cfg'...
Package csquotes Info: ... configuration file loaded successfully.

(C:\Users\PC\AppData\Local\Programs\MiKTeX\tex/latex/csquotes\csquotes.cfg
File: csquotes.cfg 
))
(C:\Users\PC\AppData\Local\Programs\MiKTeX\tex/latex/fontspec\fontspec.sty
Package: fontspec 2024/05/11 v2.9e Font selection for XeLaTeX and LuaLaTeX

(C:\Users\PC\AppData\Local\Programs\MiKTeX\tex/latex/fontspec\fontspec-xetex.st
y
Package: fontspec-xetex 2024/05/11 v2.9e Font selection for XeLaTeX and LuaLaTe
X
\l__fontspec_script_int=\count474
\l__fontspec_language_int=\count475
\l__fontspec_strnum_int=\count476
\l__fontspec_tmp_int=\count477
\l__fontspec_tmpa_int=\count478
\l__fontspec_tmpb_int=\count479
\l__fontspec_tmpc_int=\count480
\l__fontspec_em_int=\count481
\l__fontspec_emdef_int=\count482
\l__fontspec_strong_int=\count483
\l__fontspec_strongdef_int=\count484
\l__fontspec_tmpa_dim=\dimen355
\l__fontspec_tmpb_dim=\dimen356
\l__fontspec_tmpc_dim=\dimen357
 (C:\Users\PC\AppData\Local\Programs\MiKTeX\tex/latex/base\fontenc.sty
Package: fontenc 2021/04/29 v2.0v Standard LaTeX package
)
(C:\Users\PC\AppData\Local\Programs\MiKTeX\tex/latex/fontspec\fontspec.cfg)))

Package fontspec Info: 
(fontspec)             Font family 'TeXGyrePagella(0)' created for font 'TeX
(fontspec)             Gyre Pagella' with options
(fontspec)             [Ligatures=TeX,LetterSpace=0.7].
(fontspec)              
(fontspec)              This font family consists of the following NFSS
(fontspec)             series/shapes:
(fontspec)              
(fontspec)             - 'normal' (m/n) with NFSS spec.: <->"TeX Gyre
(fontspec)             Pagella/OT:script=latn;language=dflt;letterspace=0.7;map
ping=tex-text;"
(fontspec)             - 'small caps'  (m/sc) with NFSS spec.: <->"TeX Gyre
(fontspec)             Pagella/OT:script=latn;language=dflt;letterspace=0.7;+sm
cp;mapping=tex-text;"
(fontspec)             - 'bold' (b/n) with NFSS spec.: <->"TeX Gyre
(fontspec)             Pagella/B/OT:script=latn;language=dflt;letterspace=0.7;m
apping=tex-text;"
(fontspec)             - 'bold small caps'  (b/sc) with NFSS spec.: <->"TeX
(fontspec)             Gyre
(fontspec)             Pagella/B/OT:script=latn;language=dflt;letterspace=0.7;+
smcp;mapping=tex-text;"
(fontspec)             - 'italic' (m/it) with NFSS spec.: <->"TeX Gyre
(fontspec)             Pagella/I/OT:script=latn;language=dflt;letterspace=0.7;m
apping=tex-text;"
(fontspec)             - 'italic small caps'  (m/scit) with NFSS spec.:
(fontspec)             <->"TeX Gyre
(fontspec)             Pagella/I/OT:script=latn;language=dflt;letterspace=0.7;+
smcp;mapping=tex-text;"
(fontspec)             - 'bold italic' (b/it) with NFSS spec.: <->"TeX Gyre
(fontspec)             Pagella/BI/OT:script=latn;language=dflt;letterspace=0.7;
mapping=tex-text;"
(fontspec)             - 'bold italic small caps'  (b/scit) with NFSS spec.:
(fontspec)             <->"TeX Gyre
(fontspec)             Pagella/BI/OT:script=latn;language=dflt;letterspace=0.7;
+smcp;mapping=tex-text;"

)
(Configurations/01-Colors.sty) (Configurations/02-Margins.sty
(C:\Users\PC\AppData\Local\Programs\MiKTeX\tex/latex/geometry\geometry.sty
Package: geometry 2020/01/02 v5.9 Page Geometry

(C:\Users\PC\AppData\Local\Programs\MiKTeX\tex/generic/iftex\ifvtex.sty
Package: ifvtex 2019/10/25 v1.7 ifvtex legacy package. Use iftex instead.
)
\Gm@cnth=\count485
\Gm@cntv=\count486
\c@Gm@tempcnt=\count487
\Gm@bindingoffset=\dimen358
\Gm@wd@mp=\dimen359
\Gm@odd@mp=\dimen360
\Gm@even@mp=\dimen361
\Gm@layoutwidth=\dimen362
\Gm@layoutheight=\dimen363
\Gm@layouthoffset=\dimen364
\Gm@layoutvoffset=\dimen365
\Gm@dimlist=\toks69

(C:\Users\PC\AppData\Local\Programs\MiKTeX\tex/latex/geometry\geometry.cfg)))
(Configurations/03-References.sty
(C:\Users\PC\AppData\Local\Programs\MiKTeX\tex/latex/biblatex\biblatex.sty
Package: biblatex 2024/03/21 v3.20 programmable bibliographies (PK/MW)

(C:\Users\PC\AppData\Local\Programs\MiKTeX\tex/latex/logreq\logreq.sty
Package: logreq 2010/08/04 v1.0 xml request logger
\lrq@indent=\count488

(C:\Users\PC\AppData\Local\Programs\MiKTeX\tex/latex/logreq\logreq.def
File: logreq.def 2010/08/04 v1.0 logreq spec v1.0
))
\c@tabx@nest=\count489
\c@listtotal=\count490
\c@listcount=\count491
\c@liststart=\count492
\c@liststop=\count493
\c@citecount=\count494
\c@citetotal=\count495
\c@multicitecount=\count496
\c@multicitetotal=\count497
\c@instcount=\count498
\c@maxnames=\count499
\c@minnames=\count500
\c@maxitems=\count501
\c@minitems=\count502
\c@citecounter=\count503
\c@maxcitecounter=\count504
\c@savedcitecounter=\count505
\c@uniquelist=\count506
\c@uniquename=\count507
\c@refsection=\count508
\c@refsegment=\count509
\c@maxextratitle=\count510
\c@maxextratitleyear=\count511
\c@maxextraname=\count512
\c@maxextradate=\count513
\c@maxextraalpha=\count514
\c@abbrvpenalty=\count515
\c@highnamepenalty=\count516
\c@lownamepenalty=\count517
\c@maxparens=\count518
\c@parenlevel=\count519
\blx@tempcnta=\count520
\blx@tempcntb=\count521
\blx@tempcntc=\count522
\c@blx@maxsection=\count523
\blx@maxsegment@0=\count524
\blx@notetype=\count525
\blx@parenlevel@text=\count526
\blx@parenlevel@foot=\count527
\blx@sectionciteorder@0=\count528
\blx@sectionciteorderinternal@0=\count529
\blx@entrysetcounter=\count530
\blx@biblioinstance=\count531
\labelnumberwidth=\skip104
\labelalphawidth=\skip105
\biblabelsep=\skip106
\bibitemsep=\skip107
\bibnamesep=\skip108
\bibinitsep=\skip109
\bibparsep=\skip110
\bibhang=\skip111
\blx@bcfin=\read8
\blx@bcfout=\write6
\blx@langwohyphens=\language80
\c@mincomprange=\count532
\c@maxcomprange=\count533
\c@mincompwidth=\count534
Package biblatex Info: Trying to load biblatex default data model...
Package biblatex Info: ... file 'blx-dm.def' found.

(C:\Users\PC\AppData\Local\Programs\MiKTeX\tex/latex/biblatex\blx-dm.def
File: blx-dm.def 2024/03/21 v3.20 biblatex datamodel (PK/MW)
)
Package biblatex Info: Trying to load biblatex citestyle data model...
Package biblatex Info: ... file 'authoryear.dbx' not found.
Package biblatex Info: Trying to load biblatex custom data model...
Package biblatex Info: ... file 'biblatex-dm.cfg' not found.
\c@afterword=\count535
\c@savedafterword=\count536
\c@annotator=\count537
\c@savedannotator=\count538
\c@author=\count539
\c@savedauthor=\count540
\c@bookauthor=\count541
\c@savedbookauthor=\count542
\c@commentator=\count543
\c@savedcommentator=\count544
\c@editor=\count545
\c@savededitor=\count546
\c@editora=\count547
\c@savededitora=\count548
\c@editorb=\count549
\c@savededitorb=\count550
\c@editorc=\count551
\c@savededitorc=\count552
\c@foreword=\count553
\c@savedforeword=\count554
\c@holder=\count555
\c@savedholder=\count556
\c@introduction=\count557
\c@savedintroduction=\count558
\c@namea=\count559
\c@savednamea=\count560
\c@nameb=\count561
\c@savednameb=\count562
\c@namec=\count563
\c@savednamec=\count564
\c@translator=\count565
\c@savedtranslator=\count566
\c@shortauthor=\count567
\c@savedshortauthor=\count568
\c@shorteditor=\count569
\c@savedshorteditor=\count570
\c@labelname=\count571
\c@savedlabelname=\count572
\c@institution=\count573
\c@savedinstitution=\count574
\c@lista=\count575
\c@savedlista=\count576
\c@listb=\count577
\c@savedlistb=\count578
\c@listc=\count579
\c@savedlistc=\count580
\c@listd=\count581
\c@savedlistd=\count582
\c@liste=\count583
\c@savedliste=\count584
\c@listf=\count585
\c@savedlistf=\count586
\c@location=\count587
\c@savedlocation=\count588
\c@organization=\count589
\c@savedorganization=\count590
\c@origlocation=\count591
\c@savedoriglocation=\count592
\c@origpublisher=\count593
\c@savedorigpublisher=\count594
\c@publisher=\count595
\c@savedpublisher=\count596
\c@language=\count597
\c@savedlanguage=\count598
\c@origlanguage=\count599
\c@savedoriglanguage=\count600
\c@pageref=\count601
\c@savedpageref=\count602
\shorthandwidth=\skip112
\shortjournalwidth=\skip113
\shortserieswidth=\skip114
\shorttitlewidth=\skip115
\shortauthorwidth=\skip116
\shorteditorwidth=\skip117
\locallabelnumberwidth=\skip118
\locallabelalphawidth=\skip119
\localshorthandwidth=\skip120
\localshortjournalwidth=\skip121
\localshortserieswidth=\skip122
\localshorttitlewidth=\skip123
\localshortauthorwidth=\skip124
\localshorteditorwidth=\skip125
Package biblatex Info: Trying to load enhanced support for Unicode engines...
Package biblatex Info: ... file 'blx-unicode.def' found.

(C:\Users\PC\AppData\Local\Programs\MiKTeX\tex/latex/biblatex\blx-unicode.def)
Package biblatex Info: Trying to load compatibility code...
Package biblatex Info: ... file 'blx-compat.def' found.

(C:\Users\PC\AppData\Local\Programs\MiKTeX\tex/latex/biblatex\blx-compat.def
File: blx-compat.def 2024/03/21 v3.20 biblatex compatibility (PK/MW)
)
Package biblatex Info: Trying to load generic definitions...
Package biblatex Info: ... file 'biblatex.def' found.

(C:\Users\PC\AppData\Local\Programs\MiKTeX\tex/latex/biblatex\biblatex.def
File: biblatex.def 2024/03/21 v3.20 biblatex compatibility (PK/MW)
\c@textcitecount=\count603
\c@textcitetotal=\count604
\c@textcitemaxnames=\count605
\c@biburlbigbreakpenalty=\count606
\c@biburlbreakpenalty=\count607
\c@biburlnumpenalty=\count608
\c@biburlucpenalty=\count609
\c@biburllcpenalty=\count610
\biburlbigskip=\muskip19
\biburlnumskip=\muskip20
\biburlucskip=\muskip21
\biburllcskip=\muskip22
\c@smartand=\count611
)
Package biblatex Info: Trying to load natbib compatibility...
Package biblatex Info: ... file 'blx-natbib.def' found.

(C:\Users\PC\AppData\Local\Programs\MiKTeX\tex/latex/biblatex\blx-natbib.def
File: blx-natbib.def 2024/03/21 v3.20 biblatex compatibility (PK/MW)
Package biblatex Info: Delimiter 'nameyeardelim' in context '' already defined,
 overwriting.
)
Package biblatex Info: Trying to load bibliography style 'authoryear'...
Package biblatex Info: ... file 'authoryear.bbx' found.

(C:\Users\PC\AppData\Local\Programs\MiKTeX\tex/latex/biblatex/bbx\authoryear.bb
x
File: authoryear.bbx 2024/03/21 v3.20 biblatex bibliography style (PK/MW)
Package biblatex Info: Trying to load bibliography style 'standard'...
Package biblatex Info: ... file 'standard.bbx' found.

(C:\Users\PC\AppData\Local\Programs\MiKTeX\tex/latex/biblatex/bbx\standard.bbx
File: standard.bbx 2024/03/21 v3.20 biblatex bibliography style (PK/MW)
\c@bbx:relatedcount=\count612
\c@bbx:relatedtotal=\count613
))
Package biblatex Info: Trying to load citation style 'authoryear'...
Package biblatex Info: ... file 'authoryear.cbx' found.

(C:\Users\PC\AppData\Local\Programs\MiKTeX\tex/latex/biblatex/cbx\authoryear.cb
x
File: authoryear.cbx 2024/03/21 v3.20 biblatex citation style (PK/MW)
Package biblatex Info: Redefining '\cite'.
Package biblatex Info: Redefining '\parencite'.
Package biblatex Info: Redefining '\footcite'.
Package biblatex Info: Redefining '\footcitetext'.
Package biblatex Info: Redefining '\smartcite'.
Package biblatex Info: Redefining '\textcite'.
Package biblatex Info: Redefining '\textcites'.
)
Package biblatex Info: Trying to load configuration file...
Package biblatex Info: ... file 'biblatex.cfg' found.
 (C:\Users\PC\AppData\Local\Programs\MiKTeX\tex/latex/biblatex\biblatex.cfg
File: biblatex.cfg 
)
Package biblatex Info: XeTeX detected.
(biblatex)             Assuming input encoding 'utf8'.
Package biblatex Info: Document encoding is UTF8 ....
Package biblatex Info: ... and expl3
(biblatex)             2025-01-18 L3 programming layer (loader) 
(biblatex)             is new enough (at least 2020/04/06),
(biblatex)             setting 'casechanger=expl3'.

(C:\Users\PC\AppData\Local\Programs\MiKTeX\tex/latex/biblatex\blx-case-expl3.st
y
Package: blx-case-expl3 2024/03/21 v3.20 expl3 case changing code for biblatex
))
Package hyperref Info: Option `bookmarksnumbered' set `true' on input line 62.
Package hyperref Info: Option `colorlinks' set `true' on input line 62.
) (Configurations/04-Headers.sty
(C:\Users\PC\AppData\Local\Programs\MiKTeX\tex/latex/fancyhdr\fancyhdr.sty
Package: fancyhdr 2025/02/07 v5.2 Extensive control of page headers and footers

\f@nch@headwidth=\skip126
\f@nch@offset@elh=\skip127
\f@nch@offset@erh=\skip128
\f@nch@offset@olh=\skip129
\f@nch@offset@orh=\skip130
\f@nch@offset@elf=\skip131
\f@nch@offset@erf=\skip132
\f@nch@offset@olf=\skip133
\f@nch@offset@orf=\skip134
\f@nch@height=\skip135
\f@nch@footalignment=\skip136
\f@nch@widthL=\skip137
\f@nch@widthC=\skip138
\f@nch@widthR=\skip139
\@temptokenb=\toks70
)
(C:\Users\PC\AppData\Local\Programs\MiKTeX\tex/latex/footmisc\footmisc.sty
Package: footmisc 2025/03/10 v7.0a a miscellany of footnote facilities

(C:\Users\PC\AppData\Local\Programs\MiKTeX\tex/latex/footmisc\footmisc-2022-02-
14.sty
Package: footmisc 2024/12/24 v6.0g a miscellany of footnote facilities
\FN@temptoken=\toks71
\footnotemargin=\dimen366
\@outputbox@depth=\dimen367
Package footmisc Info: Declaring symbol style bringhurst on input line 699.
Package footmisc Info: Declaring symbol style chicago on input line 707.
Package footmisc Info: Declaring symbol style wiley on input line 716.
Package footmisc Info: Declaring symbol style lamport-robust on input line 727.

Package footmisc Info: Declaring symbol style lamport* on input line 747.
Package footmisc Info: Declaring symbol style lamport*-robust on input line 768
.
))) (Configurations/05-Contents.sty) (Configurations/06-Glossary.sty)
(Configurations/07-Chapters.sty
\myvspace=\skip140
) (Configurations/08-Tables.sty)
(Configurations/09-Code.sty) (Configurations/10-Macros.sty
\c@tcb@cnt@block=\count614
))
(Configurations/11-Metadata.sty) (Metadata/Metadata.tex)
\glswrite=\write7
\glo@main@file=\write8
\openout8 = `AdventureWorks.glo'.

Package glossaries Info: Writing glossary file AdventureWorks.glo on input line
 25.
\glo@acronym@file=\write9
\openout9 = `AdventureWorks.acn'.

Package glossaries Info: Writing glossary file AdventureWorks.acn on input line
 25.

(Matter/04-Glossary.tex) (Matter/05-Acronyms.tex)
runsystem(for ^%i in (pygmentize.exe pygmentize.bat pygmentize.cmd) do set > Ad
ventureWorks.aex <nul: /p x=^%~$PATH:i>> AdventureWorks.aex)...executed.

runsystem(del AdventureWorks.aex)...executed.

Package csquotes Info: Checking for multilingual support...
Package csquotes Info: ... found 'babel' package.
Package csquotes Info: Adjusting default style.
Package csquotes Info: Redefining alias 'default' -> 'english'.
 (AdventureWorks.aux
(Matter/00-Cover.aux) (Matter/01-Front-Page.aux) (Matter/02-Copyright.aux)
(Matter/03-Acknowledgements.aux) (Chapters/00-Abstract.aux)
(Chapters/01-Introduction.aux) (Chapters/02-Channel-Performance.aux)
(Chapters/03-Customer-Segmentation.aux) (Chapters/04-Product-Optimisation.aux))
\openout1 = `AdventureWorks.aux'.

LaTeX Font Info:    Checking defaults for OML/npxmi/m/it on input line 29.
LaTeX Font Info:    Trying to load font information for OML+npxmi on input line
 29.
(C:\Users\PC\AppData\Local\Programs\MiKTeX\tex/latex/newpx\omlnpxmi.fd
File: omlnpxmi.fd 2013/03/21 Fontinst v1.933 font definitions for OML/npxmi.
)
LaTeX Font Info:    ... okay on input line 29.
LaTeX Font Info:    Checking defaults for OMS/cmsy/m/n on input line 29.
LaTeX Font Info:    ... okay on input line 29.
LaTeX Font Info:    Checking defaults for OT1/cmr/m/n on input line 29.
LaTeX Font Info:    ... okay on input line 29.
LaTeX Font Info:    Checking defaults for T1/cmr/m/n on input line 29.
LaTeX Font Info:    ... okay on input line 29.
LaTeX Font Info:    Checking defaults for TS1/cmr/m/n on input line 29.
LaTeX Font Info:    ... okay on input line 29.
LaTeX Font Info:    Checking defaults for TU/lmr/m/n on input line 29.
LaTeX Font Info:    ... okay on input line 29.
LaTeX Font Info:    Checking defaults for OMX/cmex/m/n on input line 29.
LaTeX Font Info:    ... okay on input line 29.
LaTeX Font Info:    Checking defaults for U/npxexa/m/n on input line 29.
LaTeX Font Info:    Trying to load font information for U+npxexa on input line 
29.

(C:\Users\PC\AppData\Local\Programs\MiKTeX\tex/latex/newpx\unpxexa.fd
File: unpxexa.fd 2013/03/24 Fontinst v1.933 font definitions for U/npxexa.
)
LaTeX Font Info:    ... okay on input line 29.
LaTeX Font Info:    Checking defaults for PD1/pdf/m/n on input line 29.
LaTeX Font Info:    ... okay on input line 29.
LaTeX Font Info:    Checking defaults for PU/pdf/m/n on input line 29.
LaTeX Font Info:    ... okay on input line 29.
LaTeX Font Info:    Checking defaults for LMS/npxsy/m/n on input line 29.
LaTeX Font Info:    Trying to load font information for LMS+npxsy on input line
 29.

(C:\Users\PC\AppData\Local\Programs\MiKTeX\tex/latex/newpx\lmsnpxsy.fd
File: lmsnpxsy.fd 2016/07/04 Fontinst v1.933 font definitions for LMS/npxsy.
)
LaTeX Font Info:    ... okay on input line 29.
LaTeX Font Info:    Checking defaults for LMX/npxexx/m/n on input line 29.
LaTeX Font Info:    Trying to load font information for LMX+npxexx on input lin
e 29.

(C:\Users\PC\AppData\Local\Programs\MiKTeX\tex/latex/newpx\lmxnpxexx.fd
File: lmxnpxexx.fd 2016/07/04 Fontinst v1.933 font definitions for LMX/npxexx.
)
LaTeX Font Info:    ... okay on input line 29.
Package caption Info: Begin \AtBeginDocument code.
Package caption Info: hyperref package is loaded.
Package caption Info: listings package is loaded.
Package caption Info: longtable package is loaded.

(C:\Users\PC\AppData\Local\Programs\MiKTeX\tex/latex/caption\ltcaption.sty
Package: ltcaption 2021/01/08 v1.4c longtable captions (AR)
)
Package caption Info: supertabular package is loaded.
Package caption Info: End \AtBeginDocument code.
LaTeX Info: Command `\dddot' is already robust on input line 29.
LaTeX Info: Command `\ddddot' is already robust on input line 29.

(C:\Users\PC\AppData\Local\Programs\MiKTeX\tex/latex/translator\translator-mont
hs-dictionary-English.dict
Dictionary: translator-months-dictionary, Language: English 
)
Package hyperref Info: Link coloring ON on input line 29.
 (AdventureWorks.out) (AdventureWorks.out)
\@outlinefile=\write10
\openout10 = `AdventureWorks.out'.

Package newfloat Info: Trying Plan B...
Package newfloat Info: `float' package detected.
\c@lstlisting=\count615

*geometry* driver: auto-detecting
*geometry* detected driver: xetex
*geometry* verbose mode - [ preamble ] result:
* driver: xetex
* paper: <default>
* layout: <same size as paper>
* layoutoffset:(h,v)=(0.0pt,0.0pt)
* modes: twoside 
* h-part:(L,W,R)=(89.626pt, 418.25592pt, 89.626pt)
* v-part:(T,H,B)=(71.13188pt, 702.78317pt, 71.13188pt)
* \paperwidth=597.50793pt
* \paperheight=845.04694pt
* \textwidth=418.25592pt
* \textheight=682.78317pt
* \oddsidemargin=17.35602pt
* \evensidemargin=17.35602pt
* \topmargin=-39.47766pt
* \headheight=20.0pt
* \headsep=21.33955pt
* \topskip=11.0pt
* \footskip=45.52458pt
* \marginparwidth=89.62619pt
* \marginparsep=12.8401pt
* \columnsep=10.0pt
* \skip\footins=10.0pt plus 4.0pt minus 2.0pt
* \hoffset=0.0pt
* \voffset=0.0pt
* \mag=1000
* \@twocolumnfalse
* \@twosidetrue
* \@mparswitchtrue
* \@reversemarginfalse
* (1in=72.27pt=25.4mm, 1cm=28.453pt)

Package biblatex Info: Trying to load language 'english'...
Package biblatex Info: ... file 'english.lbx' found.
(C:\Users\PC\AppData\Local\Programs\MiKTeX\tex/latex/biblatex/lbx\english.lbx
File: english.lbx 2024/03/21 v3.20 biblatex localization (PK/MW)
)
Package biblatex Info: XeTeX detected.
(biblatex)             Assuming input encoding 'utf8'.
Package biblatex Info: Automatic encoding selection.
(biblatex)             Assuming data encoding 'utf8'.
\openout6 = `AdventureWorks.bcf'.

Package biblatex Info: Trying to load bibliographic data...
Package biblatex Info: ... file 'AdventureWorks.bbl' found.

(AdventureWorks.bbl)
Package biblatex Info: Reference section=0 on input line 29.
Package biblatex Info: Reference segment=0 on input line 29.
\openout2 = `Matter/00-Cover.aux'.

 (Matter/00-Cover.tex
*geometry* verbose mode - [ newgeometry ] result:
* driver: xetex
* paper: <default>
* layout: <same size as paper>
* layoutoffset:(h,v)=(0.0pt,0.0pt)
* modes: twoside 
* h-part:(L,W,R)=(56.33633pt, 484.83527pt, 56.33633pt)
* v-part:(T,H,B)=(61.17325pt, 742.04811pt, 41.82558pt)
* \paperwidth=597.50793pt
* \paperheight=845.04694pt
* \textwidth=484.83527pt
* \textheight=742.04811pt
* \oddsidemargin=-15.93365pt
* \evensidemargin=-15.93365pt
* \topmargin=-52.4363pt
* \headheight=20.0pt
* \headsep=21.33955pt
* \topskip=11.0pt
* \footskip=45.52458pt
* \marginparwidth=89.62619pt
* \marginparsep=12.8401pt
* \columnsep=10.0pt
* \skip\footins=10.0pt plus 4.0pt minus 2.0pt
* \hoffset=0.0pt
* \voffset=0.0pt
* \mag=1000
* \@twocolumnfalse
* \@twosidetrue
* \@mparswitchtrue
* \@reversemarginfalse
* (1in=72.27pt=25.4mm, 1cm=28.453pt)


Package fontspec Info: 
(fontspec)             Font family 'Lato(0)' created for font 'Lato' with
(fontspec)             options [].
(fontspec)              
(fontspec)              This font family consists of the following NFSS
(fontspec)             series/shapes:
(fontspec)              
(fontspec)             - 'normal' (m/n) with NFSS spec.:
(fontspec)             <->"Lato/OT:script=latn;language=dflt;"
(fontspec)             - 'bold' (b/n) with NFSS spec.:
(fontspec)             <->"Lato/B/OT:script=latn;language=dflt;"
(fontspec)             - 'italic' (m/it) with NFSS spec.:
(fontspec)             <->"Lato/I/OT:script=latn;language=dflt;"
(fontspec)             - 'bold italic' (b/it) with NFSS spec.:
(fontspec)             <->"Lato/BI/OT:script=latn;language=dflt;"



File: Figures/Theme/Cover-BG.pdf Graphic file (type pdf)
<use Figures/Theme/Cover-BG.pdf>
[1

\openout7 = `AdventureWorks.ist'.



]

[3


])
\openout2 = `Matter/01-Front-Page.aux'.

 (Matter/01-Front-Page.tex
*geometry* verbose mode - [ newgeometry ] result:
* driver: xetex
* paper: <default>
* layout: <same size as paper>
* layoutoffset:(h,v)=(0.0pt,0.0pt)
* modes: twoside 
* h-part:(L,W,R)=(56.33633pt, 484.83527pt, 56.33633pt)
* v-part:(T,H,B)=(61.17325pt, 755.42094pt, 28.45274pt)
* \paperwidth=597.50793pt
* \paperheight=845.04694pt
* \textwidth=484.83527pt
* \textheight=755.42094pt
* \oddsidemargin=-15.93365pt
* \evensidemargin=-15.93365pt
* \topmargin=-52.4363pt
* \headheight=20.0pt
* \headsep=21.33955pt
* \topskip=11.0pt
* \footskip=45.52458pt
* \marginparwidth=89.62619pt
* \marginparsep=12.8401pt
* \columnsep=10.0pt
* \skip\footins=10.0pt plus 4.0pt minus 2.0pt
* \hoffset=0.0pt
* \voffset=0.0pt
* \mag=1000
* \@twocolumnfalse
* \@twosidetrue
* \@mparswitchtrue
* \@reversemarginfalse
* (1in=72.27pt=25.4mm, 1cm=28.453pt)

File: Figures/Theme/Logotypes/logo-green.pdf Graphic file (type pdf)
<use Figures/Theme/Logotypes/logo-green.pdf>
LaTeX Font Info:    Trying to load font information for OT1+lmr on input line 5
7.

(C:\Users\PC\AppData\Local\Programs\MiKTeX\tex/latex/lm\ot1lmr.fd
File: ot1lmr.fd 2015/05/01 v1.6.1 Font defs for Latin Modern
)
LaTeX Font Info:    Trying to load font information for U+msa on input line 57.


(C:\Users\PC\AppData\Local\Programs\MiKTeX\tex/latex/amsfonts\umsa.fd
File: umsa.fd 2013/01/14 v3.01 AMS symbols A
)
LaTeX Font Info:    Trying to load font information for U+msb on input line 57.


(C:\Users\PC\AppData\Local\Programs\MiKTeX\tex/latex/amsfonts\umsb.fd
File: umsb.fd 2013/01/14 v3.01 AMS symbols B
)
LaTeX Font Info:    Trying to load font information for U+npxmia on input line 
57.

(C:\Users\PC\AppData\Local\Programs\MiKTeX\tex/latex/newpx\unpxmia.fd
File: unpxmia.fd 2013/03/24 Fontinst v1.933 font definitions for U/npxmia.
)
LaTeX Font Info:    Trying to load font information for U+npxsym on input line 
57.

(C:\Users\PC\AppData\Local\Programs\MiKTeX\tex/latex/newpx\unpxsym.fd
File: unpxsym.fd 2023/08/16 Fontinst v1.933 font definitions for U/npxsym.
)
LaTeX Font Info:    Trying to load font information for U+npxsyc on input line 
57.

(C:\Users\PC\AppData\Local\Programs\MiKTeX\tex/latex/newpx\unpxsyc.fd
File: unpxsyc.fd 2013/03/24 Fontinst v1.933 font definitions for U/npxsyc.
)

File: Figures/Theme/Front-Page-BG.pdf Graphic file (type pdf)
<use Figures/Theme/Front-Page-BG.pdf>
[1





]

[3


])
\openout2 = `Matter/02-Copyright.aux'.

 (Matter/02-Copyright.tex

[1




]

[3

])
\openout2 = `Matter/03-Acknowledgements.aux'.

 (Matter/03-Acknowledgements.tex

Package fontspec Info: 
(fontspec)             Font family 'Crimson(0)' created for font 'Crimson'
(fontspec)             with options [LetterSpace=-0.5].
(fontspec)              
(fontspec)              This font family consists of the following NFSS
(fontspec)             series/shapes:
(fontspec)              
(fontspec)             - 'normal' (m/n) with NFSS spec.:
(fontspec)             <->"Crimson/OT:script=latn;language=dflt;letterspace=-0.
5;"
(fontspec)             - 'small caps'  (m/sc) with NFSS spec.:
(fontspec)             <->"Crimson/OT:script=latn;language=dflt;letterspace=-0.
5;+smcp;"
(fontspec)             - 'bold' (b/n) with NFSS spec.:
(fontspec)             <->"Crimson/B/OT:script=latn;language=dflt;letterspace=-
0.5;"
(fontspec)             - 'italic' (m/it) with NFSS spec.:
(fontspec)             <->"Crimson/I/OT:script=latn;language=dflt;letterspace=-
0.5;"
(fontspec)             - 'italic small caps'  (m/scit) with NFSS spec.:
(fontspec)             <->"Crimson/I/OT:script=latn;language=dflt;letterspace=-
0.5;+smcp;"
(fontspec)             - 'bold italic' (b/it) with NFSS spec.:
(fontspec)             <->"Crimson/BI/OT:script=latn;language=dflt;letterspace=
-0.5;"



[1





]

[3

])
\openout2 = `Chapters/00-Abstract.aux'.

 (Chapters/00-Abstract.tex

[4





]

[6

]) (AdventureWorks.toc

[7




])
\tf@toc=\write11
\openout11 = `AdventureWorks.toc'.



[8]

[10

] (AdventureWorks.lof)
\tf@lof=\write12
\openout12 = `AdventureWorks.lof'.



[11


]

[13

] (AdventureWorks.lot)
\tf@lot=\write13
\openout13 = `AdventureWorks.lot'.



[14


]

[16

]
\openout2 = `Chapters/01-Introduction.aux'.

 (Chapters/01-Introduction.tex
Chapter 1.
Package newfloat Info: Setting Plan B file extension to `lof'... on input line 
1.

Overfull \hbox (15.00374pt too wide) in paragraph at lines 10--11
[]\TU/TeXGyrePagella(0)/m/n/10.95 AdventureWorks operates as a global manufactu
ring entity, distributing products through
 []


Underfull \vbox (badness 2626) has occurred while \output is active []



[1



]
File: Figures/fig_7.png Graphic file (type bmp)
<Figures/fig_7.png>
)

[2]
\openout2 = `Chapters/02-Channel-Performance.aux'.

 (Chapters/02-Channel-Performance.tex
Chapter 2.


[3




]
Overfull \hbox (0.72136pt too wide) in paragraph at lines 55--56
[]\TU/TeXGyrePagella(0)/m/n/10.95 This confirms that the Reseller channel funct
ions as a bulk-wholesale mechanism, while
 []


Overfull \hbox (3.52307pt too wide) in paragraph at lines 60--61
\TU/TeXGyrePagella(0)/m/n/10.95 The \TU/TeXGyrePagella(0)/b/n/10.95 United King
dom \TU/TeXGyrePagella(0)/m/n/10.95 and \TU/TeXGyrePagella(0)/b/n/10.95 France 
\TU/TeXGyrePagella(0)/m/n/10.95 showed positive year-over-year growth in 2013 (
1.23%
 []

File: Figures/fig_1.png Graphic file (type bmp)
<Figures/fig_1.png>
File: Figures/fig_2.png Graphic file (type bmp)
<Figures/fig_2.png>


[4])

[5]
\openout2 = `Chapters/03-Customer-Segmentation.aux'.

 (Chapters/03-Customer-Segmentation.tex
Chapter 3.

Overfull \hbox (0.47653pt too wide) in paragraph at lines 14--15
\TU/TeXGyrePagella(0)/m/n/10.95 combined with customer demographic and geograph
ic data. The primary dataset is de-
 []



[6




]

[7]
File: Figures/fig_3.png Graphic file (type bmp)
<Figures/fig_3.png>


[8]
Overfull \hbox (0.96352pt too wide) in paragraph at lines 119--120
[][][]\TU/TeXGyrePagella(0)/m/n/10.95 Figure 3.2[][][] illustrates the stark AO
V difference between new and repeat customers across
 []

File: Figures/fig_4.png Graphic file (type bmp)
<Figures/fig_4.png>

Overfull \hbox (1.16298pt too wide) in paragraph at lines 131--132
\TU/TeXGyrePagella(0)/m/n/10.95 peat penetration, suggesting either shorter obs
ervation windows or changing cus-
 []



[9]

[10]

[11])

[12]
\openout2 = `Chapters/04-Product-Optimisation.aux'.

 (Chapters/04-Product-Optimisation.tex
Chapter 4.


[13




]
Overfull \hbox (0.23358pt too wide) in paragraph at lines 63--66
\TU/TeXGyrePagella(0)/m/n/10.95 A self-join on \TU/lmtt/m/n/10.95 Fact_Sales \T
U/TeXGyrePagella(0)/m/n/10.95 grouped products purchased within the same \TU/lm
tt/m/n/10.95 SalesOrderID\TU/TeXGyrePagella(0)/m/n/10.95 .
 []


LaTeX Warning: `!h' float specifier changed to `!ht'.


Overfull \hbox (5.31274pt too wide) in paragraph at lines 102--104
\TU/TeXGyrePagella(0)/m/n/10.95 The basket analysis revealed strong cross-selli
ng patterns. Frequent pairs include frame-
 []



[14]

[15]
File: Figures/fig_5.png Graphic file (type bmp)
<Figures/fig_5.png>

Underfull \vbox (badness 1478) has occurred while \output is active []



[16]
File: Figures/fig_6.png Graphic file (type bmp)
<Figures/fig_6.png>


[17])

[18]

[20



]

LaTeX Warning: Empty bibliography on input line 66.

(Matter/08-Back-Page.tex

[22


]

File: Figures/Theme/Back-Page-BG.pdf Graphic file (type pdf)
<use Figures/Theme/Back-Page-BG.pdf>
[23


]
*geometry* verbose mode - [ newgeometry ] result:
* driver: xetex
* paper: <default>
* layout: <same size as paper>
* layoutoffset:(h,v)=(0.0pt,0.0pt)
* modes: twoside 
* h-part:(L,W,R)=(56.33633pt, 484.83527pt, 56.33633pt)
* v-part:(T,H,B)=(41.82558pt, 761.39578pt, 41.82558pt)
* \paperwidth=597.50793pt
* \paperheight=845.04694pt
* \textwidth=484.83527pt
* \textheight=761.39578pt
* \oddsidemargin=-15.93365pt
* \evensidemargin=-15.93365pt
* \topmargin=-71.78397pt
* \headheight=20.0pt
* \headsep=21.33955pt
* \topskip=11.0pt
* \footskip=45.52458pt
* \marginparwidth=89.62619pt
* \marginparsep=12.8401pt
* \columnsep=10.0pt
* \skip\footins=10.0pt plus 4.0pt minus 2.0pt
* \hoffset=0.0pt
* \voffset=0.0pt
* \mag=1000
* \@twocolumnfalse
* \@twosidetrue
* \@mparswitchtrue
* \@reversemarginfalse
* (1in=72.27pt=25.4mm, 1cm=28.453pt)

)

Package glossaries Warning: No \printglossary or \printglossaries found. 
(Remove \makeglossaries if you don't want any glossaries.) 
This document will not have a glossary.

(AdventureWorks.aux (Matter/00-Cover.aux) (Matter/01-Front-Page.aux)
(Matter/02-Copyright.aux) (Matter/03-Acknowledgements.aux)
(Chapters/00-Abstract.aux) (Chapters/01-Introduction.aux)
(Chapters/02-Channel-Performance.aux) (Chapters/03-Customer-Segmentation.aux)
(Chapters/04-Product-Optimisation.aux))
 ***********
LaTeX2e <2024-11-01> patch level 2
L3 programming layer <2025-01-18>
 ***********
Package rerunfilecheck Info: File `AdventureWorks.out' has not changed.
(rerunfilecheck)             Checksum: 61AD5CDB7DC42C83B15339CCCB7F3460;7314.
Package logreq Info: Writing requests to 'AdventureWorks.run.xml'.
\openout1 = `AdventureWorks.run.xml'.

 ) 
Here is how much of TeX's memory you used:
 57845 strings out of 408640
 1197545 string characters out of 5745420
 2282542 words of memory out of 5000000
 79927 multiletter control sequences out of 15000+600000
 607222 words of font info for 174 fonts, out of 8000000 for 9000
 1348 hyphenation exceptions out of 8191
 123i,13n,122p,2644b,4380s stack positions out of 10000i,1000n,20000p,200000b,200000s

Output written on AdventureWorks.pdf (38 pages).
